24-Sep-2025 08:22:22.103 信息 [main] org.apache.catalina.startup.VersionLoggerListener.log Server.服务器版本: Apache Tomcat/9.0.80
24-Sep-2025 08:22:22.108 信息 [main] org.apache.catalina.startup.VersionLoggerListener.log 服务器构建:        Aug 23 2023 21:59:38 UTC
24-Sep-2025 08:22:22.108 信息 [main] org.apache.catalina.startup.VersionLoggerListener.log 服务器版本号:      9.0.80.0
24-Sep-2025 08:22:22.108 信息 [main] org.apache.catalina.startup.VersionLoggerListener.log 操作系统名称:      Windows 11
24-Sep-2025 08:22:22.108 信息 [main] org.apache.catalina.startup.VersionLoggerListener.log OS.版本:           10.0
24-Sep-2025 08:22:22.108 信息 [main] org.apache.catalina.startup.VersionLoggerListener.log 架构:              amd64
24-Sep-2025 08:22:22.108 信息 [main] org.apache.catalina.startup.VersionLoggerListener.log Java 环境变量:     C:\Program Files\Java\jdk-21
24-Sep-2025 08:22:22.108 信息 [main] org.apache.catalina.startup.VersionLoggerListener.log Java虚拟机版本:    21.0.2+13-LTS-58
24-Sep-2025 08:22:22.108 信息 [main] org.apache.catalina.startup.VersionLoggerListener.log JVM.供应商:        Oracle Corporation
24-Sep-2025 08:22:22.108 信息 [main] org.apache.catalina.startup.VersionLoggerListener.log CATALINA_BASE:     G:\01_Master\04_Update\大四下学期\campusHelp\apache-tomcat-9.0.80
24-Sep-2025 08:22:22.108 信息 [main] org.apache.catalina.startup.VersionLoggerListener.log CATALINA_HOME:     G:\01_Master\04_Update\大四下学期\campusHelp\apache-tomcat-9.0.80
24-Sep-2025 08:22:22.128 信息 [main] org.apache.catalina.startup.VersionLoggerListener.log 命令行参数：       --add-opens=java.base/java.lang=ALL-UNNAMED
24-Sep-2025 08:22:22.129 信息 [main] org.apache.catalina.startup.VersionLoggerListener.log 命令行参数：       --add-opens=java.base/java.io=ALL-UNNAMED
24-Sep-2025 08:22:22.129 信息 [main] org.apache.catalina.startup.VersionLoggerListener.log 命令行参数：       --add-opens=java.base/java.util=ALL-UNNAMED
24-Sep-2025 08:22:22.129 信息 [main] org.apache.catalina.startup.VersionLoggerListener.log 命令行参数：       --add-opens=java.base/java.util.concurrent=ALL-UNNAMED
24-Sep-2025 08:22:22.129 信息 [main] org.apache.catalina.startup.VersionLoggerListener.log 命令行参数：       --add-opens=java.rmi/sun.rmi.transport=ALL-UNNAMED
24-Sep-2025 08:22:22.129 信息 [main] org.apache.catalina.startup.VersionLoggerListener.log 命令行参数：       -Djava.util.logging.config.file=G:\01_Master\04_Update\大四下学期\campusHelp\apache-tomcat-9.0.80\conf\logging.properties
24-Sep-2025 08:22:22.129 信息 [main] org.apache.catalina.startup.VersionLoggerListener.log 命令行参数：       -Djava.util.logging.manager=org.apache.juli.ClassLoaderLogManager
24-Sep-2025 08:22:22.130 信息 [main] org.apache.catalina.startup.VersionLoggerListener.log 命令行参数：       -Djdk.tls.ephemeralDHKeySize=2048
24-Sep-2025 08:22:22.130 信息 [main] org.apache.catalina.startup.VersionLoggerListener.log 命令行参数：       -Djava.protocol.handler.pkgs=org.apache.catalina.webresources
24-Sep-2025 08:22:22.130 信息 [main] org.apache.catalina.startup.VersionLoggerListener.log 命令行参数：       -Dignore.endorsed.dirs=
24-Sep-2025 08:22:22.130 信息 [main] org.apache.catalina.startup.VersionLoggerListener.log 命令行参数：       -Dcatalina.base=G:\01_Master\04_Update\大四下学期\campusHelp\apache-tomcat-9.0.80
24-Sep-2025 08:22:22.131 信息 [main] org.apache.catalina.startup.VersionLoggerListener.log 命令行参数：       -Dcatalina.home=G:\01_Master\04_Update\大四下学期\campusHelp\apache-tomcat-9.0.80
24-Sep-2025 08:22:22.131 信息 [main] org.apache.catalina.startup.VersionLoggerListener.log 命令行参数：       -Djava.io.tmpdir=F:\Java\tomcat8\tomcat8\temp
24-Sep-2025 08:22:22.142 信息 [main] org.apache.catalina.core.AprLifecycleListener.lifecycleEvent 使用APR版本[1.7.4]加载了基于APR的Apache Tomcat本机库[1.2.38]。
24-Sep-2025 08:22:22.142 信息 [main] org.apache.catalina.core.AprLifecycleListener.lifecycleEvent APR功能：IPv6[true]、sendfile[true]、accept filters[false]、random[true]、UDS [true]。
24-Sep-2025 08:22:22.142 信息 [main] org.apache.catalina.core.AprLifecycleListener.lifecycleEvent APR/OpenSSL配置：useAprConnector[false]，useOpenSSL[true]
24-Sep-2025 08:22:22.152 信息 [main] org.apache.catalina.core.AprLifecycleListener.initializeSSL OpenSSL成功初始化 [OpenSSL 1.1.1v  1 Aug 2023]
24-Sep-2025 08:22:22.469 信息 [main] org.apache.coyote.AbstractProtocol.init 初始化协议处理器 ["http-nio-8080"]
24-Sep-2025 08:22:22.501 信息 [main] org.apache.catalina.startup.Catalina.load 服务器在[625]毫秒内初始化
24-Sep-2025 08:22:22.573 信息 [main] org.apache.catalina.core.StandardService.startInternal 正在启动服务[Catalina]
24-Sep-2025 08:22:22.573 信息 [main] org.apache.catalina.core.StandardEngine.startInternal 正在启动 Servlet 引擎：[Apache Tomcat/9.0.80]
24-Sep-2025 08:22:22.587 信息 [main] org.apache.catalina.startup.HostConfig.deployDirectory 把web 应用程序部署到目录 [G:\01_Master\04_Update\大四下学期\campusHelp\apache-tomcat-9.0.80\webapps\campusHelp]
24-Sep-2025 08:22:25.309 信息 [main] org.apache.jasper.servlet.TldScanner.scanJars 至少有一个JAR被扫描用于TLD但尚未包含TLD。 为此记录器启用调试日志记录，以获取已扫描但未在其中找到TLD的完整JAR列表。 在扫描期间跳过不需要的JAR可以缩短启动时间和JSP编译时间。
24-Sep-2025 08:22:25.800 信息 [main] org.apache.catalina.startup.HostConfig.deployDirectory Web应用程序目录[G:\01_Master\04_Update\大四下学期\campusHelp\apache-tomcat-9.0.80\webapps\campusHelp]的部署已在[3,209]毫秒内完成
24-Sep-2025 08:22:25.801 信息 [main] org.apache.catalina.startup.HostConfig.deployDirectory 把web 应用程序部署到目录 [G:\01_Master\04_Update\大四下学期\campusHelp\apache-tomcat-9.0.80\webapps\docs]
24-Sep-2025 08:22:25.854 信息 [main] org.apache.catalina.startup.HostConfig.deployDirectory Web应用程序目录[G:\01_Master\04_Update\大四下学期\campusHelp\apache-tomcat-9.0.80\webapps\docs]的部署已在[53]毫秒内完成
24-Sep-2025 08:22:25.854 信息 [main] org.apache.catalina.startup.HostConfig.deployDirectory 把web 应用程序部署到目录 [G:\01_Master\04_Update\大四下学期\campusHelp\apache-tomcat-9.0.80\webapps\examples]
24-Sep-2025 08:22:26.423 信息 [main] org.apache.catalina.startup.HostConfig.deployDirectory Web应用程序目录[G:\01_Master\04_Update\大四下学期\campusHelp\apache-tomcat-9.0.80\webapps\examples]的部署已在[569]毫秒内完成
24-Sep-2025 08:22:26.423 信息 [main] org.apache.catalina.startup.HostConfig.deployDirectory 把web 应用程序部署到目录 [G:\01_Master\04_Update\大四下学期\campusHelp\apache-tomcat-9.0.80\webapps\host-manager]
24-Sep-2025 08:22:26.485 信息 [main] org.apache.catalina.startup.HostConfig.deployDirectory Web应用程序目录[G:\01_Master\04_Update\大四下学期\campusHelp\apache-tomcat-9.0.80\webapps\host-manager]的部署已在[62]毫秒内完成
24-Sep-2025 08:22:26.486 信息 [main] org.apache.catalina.startup.HostConfig.deployDirectory 把web 应用程序部署到目录 [G:\01_Master\04_Update\大四下学期\campusHelp\apache-tomcat-9.0.80\webapps\manager]
24-Sep-2025 08:22:26.552 信息 [main] org.apache.catalina.startup.HostConfig.deployDirectory Web应用程序目录[G:\01_Master\04_Update\大四下学期\campusHelp\apache-tomcat-9.0.80\webapps\manager]的部署已在[66]毫秒内完成
24-Sep-2025 08:22:26.552 信息 [main] org.apache.catalina.startup.HostConfig.deployDirectory 把web 应用程序部署到目录 [G:\01_Master\04_Update\大四下学期\campusHelp\apache-tomcat-9.0.80\webapps\ROOT]
24-Sep-2025 08:22:26.593 信息 [main] org.apache.catalina.startup.HostConfig.deployDirectory Web应用程序目录[G:\01_Master\04_Update\大四下学期\campusHelp\apache-tomcat-9.0.80\webapps\ROOT]的部署已在[41]毫秒内完成
24-Sep-2025 08:22:26.596 信息 [main] org.apache.coyote.AbstractProtocol.start 开始协议处理句柄["http-nio-8080"]
24-Sep-2025 08:22:26.622 信息 [main] org.apache.catalina.startup.Catalina.start [4121]毫秒后服务器启动
24-Sep-2025 08:28:00.623 信息 [main] org.apache.catalina.core.StandardServer.await 通过关闭端口接收到有效的关闭命令。正在停止服务器实例。
24-Sep-2025 08:28:00.623 信息 [main] org.apache.coyote.AbstractProtocol.pause 暂停ProtocolHandler["http-nio-8080"]
24-Sep-2025 08:28:00.623 信息 [main] org.apache.catalina.core.StandardService.stopInternal 正在停止服务[Catalina]
24-Sep-2025 08:28:00.641 警告 [main] org.apache.catalina.loader.WebappClassLoaderBase.clearReferencesJdbc Web应用程序 [campusHelp] 注册了JDBC驱动程序 [com.mysql.jdbc.Driver]，但在Web应用程序停止时无法注销它。 为防止内存泄漏，JDBC驱动程序已被强制取消注册。
24-Sep-2025 08:28:00.641 严重 [main] org.apache.catalina.loader.WebappClassLoaderBase.checkThreadLocalMapForLeaks web应用程序[campusHelp]创建了一个ThreadLocal，其键类型为[java.lang.ThreadLocal]（值为[java.lang.ThreadLocal@13c81bc5]），值类型为[com.github.pagehelper.Page]（值为[Page{count=true, pageNum=1, pageSize=6, startRow=0, endRow=6, total=0, pages=0, countSignal=null, orderBy='null', orderByOnly=false, reasonable=null, pageSizeZero=null}），但在停止web应用程序时未能将其删除。线程将随着时间的推移而更新，以尝试避免可能的内存泄漏
24-Sep-2025 08:28:00.641 严重 [main] org.apache.catalina.loader.WebappClassLoaderBase.checkThreadLocalMapForLeaks web应用程序[campusHelp]创建了一个ThreadLocal，其键类型为[java.lang.ThreadLocal]（值为[java.lang.ThreadLocal@13c81bc5]），值类型为[com.github.pagehelper.Page]（值为[Page{count=true, pageNum=1, pageSize=6, startRow=0, endRow=6, total=0, pages=0, countSignal=null, orderBy='null', orderByOnly=false, reasonable=null, pageSizeZero=null}），但在停止web应用程序时未能将其删除。线程将随着时间的推移而更新，以尝试避免可能的内存泄漏
24-Sep-2025 08:28:00.649 严重 [main] org.apache.catalina.loader.WebappClassLoaderBase.checkThreadLocalMapForLeaks web应用程序[campusHelp]创建了一个ThreadLocal，其键类型为[java.lang.ThreadLocal]（值为[java.lang.ThreadLocal@13c81bc5]），值类型为[com.github.pagehelper.Page]（值为[Page{count=true, pageNum=1, pageSize=6, startRow=0, endRow=6, total=0, pages=0, countSignal=null, orderBy='null', orderByOnly=false, reasonable=null, pageSizeZero=null}），但在停止web应用程序时未能将其删除。线程将随着时间的推移而更新，以尝试避免可能的内存泄漏
24-Sep-2025 08:28:00.650 严重 [main] org.apache.catalina.loader.WebappClassLoaderBase.checkThreadLocalMapForLeaks web应用程序[campusHelp]创建了一个ThreadLocal，其键类型为[java.lang.ThreadLocal]（值为[java.lang.ThreadLocal@13c81bc5]），值类型为[com.github.pagehelper.Page]（值为[Page{count=true, pageNum=1, pageSize=6, startRow=0, endRow=6, total=0, pages=0, countSignal=null, orderBy='null', orderByOnly=false, reasonable=null, pageSizeZero=null}），但在停止web应用程序时未能将其删除。线程将随着时间的推移而更新，以尝试避免可能的内存泄漏
24-Sep-2025 08:28:00.654 信息 [main] org.apache.coyote.AbstractProtocol.stop 正在停止ProtocolHandler ["http-nio-8080"]
24-Sep-2025 08:28:00.661 信息 [main] org.apache.coyote.AbstractProtocol.destroy 正在摧毁协议处理器 ["http-nio-8080"]
24-Sep-2025 08:33:07.990 信息 [main] org.apache.catalina.startup.VersionLoggerListener.log Server.服务器版本: Apache Tomcat/9.0.80
24-Sep-2025 08:33:08.000 信息 [main] org.apache.catalina.startup.VersionLoggerListener.log 服务器构建:        Aug 23 2023 21:59:38 UTC
24-Sep-2025 08:33:08.000 信息 [main] org.apache.catalina.startup.VersionLoggerListener.log 服务器版本号:      9.0.80.0
24-Sep-2025 08:33:08.000 信息 [main] org.apache.catalina.startup.VersionLoggerListener.log 操作系统名称:      Windows 11
24-Sep-2025 08:33:08.000 信息 [main] org.apache.catalina.startup.VersionLoggerListener.log OS.版本:           10.0
24-Sep-2025 08:33:08.001 信息 [main] org.apache.catalina.startup.VersionLoggerListener.log 架构:              amd64
24-Sep-2025 08:33:08.001 信息 [main] org.apache.catalina.startup.VersionLoggerListener.log Java 环境变量:     C:\Program Files\Java\jdk-21
24-Sep-2025 08:33:08.001 信息 [main] org.apache.catalina.startup.VersionLoggerListener.log Java虚拟机版本:    21.0.2+13-LTS-58
24-Sep-2025 08:33:08.001 信息 [main] org.apache.catalina.startup.VersionLoggerListener.log JVM.供应商:        Oracle Corporation
24-Sep-2025 08:33:08.001 信息 [main] org.apache.catalina.startup.VersionLoggerListener.log CATALINA_BASE:     G:\01_Master\04_Update\大四下学期\campusHelp\apache-tomcat-9.0.80
24-Sep-2025 08:33:08.002 信息 [main] org.apache.catalina.startup.VersionLoggerListener.log CATALINA_HOME:     G:\01_Master\04_Update\大四下学期\campusHelp\apache-tomcat-9.0.80
24-Sep-2025 08:33:08.011 信息 [main] org.apache.catalina.startup.VersionLoggerListener.log 命令行参数：       --add-opens=java.base/java.lang=ALL-UNNAMED
24-Sep-2025 08:33:08.011 信息 [main] org.apache.catalina.startup.VersionLoggerListener.log 命令行参数：       --add-opens=java.base/java.io=ALL-UNNAMED
24-Sep-2025 08:33:08.011 信息 [main] org.apache.catalina.startup.VersionLoggerListener.log 命令行参数：       --add-opens=java.base/java.util=ALL-UNNAMED
24-Sep-2025 08:33:08.011 信息 [main] org.apache.catalina.startup.VersionLoggerListener.log 命令行参数：       --add-opens=java.base/java.util.concurrent=ALL-UNNAMED
24-Sep-2025 08:33:08.011 信息 [main] org.apache.catalina.startup.VersionLoggerListener.log 命令行参数：       --add-opens=java.rmi/sun.rmi.transport=ALL-UNNAMED
24-Sep-2025 08:33:08.011 信息 [main] org.apache.catalina.startup.VersionLoggerListener.log 命令行参数：       -Djava.util.logging.config.file=G:\01_Master\04_Update\大四下学期\campusHelp\apache-tomcat-9.0.80\conf\logging.properties
24-Sep-2025 08:33:08.011 信息 [main] org.apache.catalina.startup.VersionLoggerListener.log 命令行参数：       -Djava.util.logging.manager=org.apache.juli.ClassLoaderLogManager
24-Sep-2025 08:33:08.011 信息 [main] org.apache.catalina.startup.VersionLoggerListener.log 命令行参数：       -Djdk.tls.ephemeralDHKeySize=2048
24-Sep-2025 08:33:08.011 信息 [main] org.apache.catalina.startup.VersionLoggerListener.log 命令行参数：       -Djava.protocol.handler.pkgs=org.apache.catalina.webresources
24-Sep-2025 08:33:08.016 信息 [main] org.apache.catalina.startup.VersionLoggerListener.log 命令行参数：       -Dignore.endorsed.dirs=
24-Sep-2025 08:33:08.016 信息 [main] org.apache.catalina.startup.VersionLoggerListener.log 命令行参数：       -Dcatalina.base=G:\01_Master\04_Update\大四下学期\campusHelp\apache-tomcat-9.0.80
24-Sep-2025 08:33:08.016 信息 [main] org.apache.catalina.startup.VersionLoggerListener.log 命令行参数：       -Dcatalina.home=G:\01_Master\04_Update\大四下学期\campusHelp\apache-tomcat-9.0.80
24-Sep-2025 08:33:08.016 信息 [main] org.apache.catalina.startup.VersionLoggerListener.log 命令行参数：       -Djava.io.tmpdir=F:\Java\tomcat8\tomcat8\temp
24-Sep-2025 08:33:08.022 信息 [main] org.apache.catalina.core.AprLifecycleListener.lifecycleEvent 使用APR版本[1.7.4]加载了基于APR的Apache Tomcat本机库[1.2.38]。
24-Sep-2025 08:33:08.022 信息 [main] org.apache.catalina.core.AprLifecycleListener.lifecycleEvent APR功能：IPv6[true]、sendfile[true]、accept filters[false]、random[true]、UDS [true]。
24-Sep-2025 08:33:08.023 信息 [main] org.apache.catalina.core.AprLifecycleListener.lifecycleEvent APR/OpenSSL配置：useAprConnector[false]，useOpenSSL[true]
24-Sep-2025 08:33:08.024 信息 [main] org.apache.catalina.core.AprLifecycleListener.initializeSSL OpenSSL成功初始化 [OpenSSL 1.1.1v  1 Aug 2023]
24-Sep-2025 08:33:08.331 信息 [main] org.apache.coyote.AbstractProtocol.init 初始化协议处理器 ["http-nio-8080"]
24-Sep-2025 08:33:08.357 信息 [main] org.apache.catalina.startup.Catalina.load 服务器在[570]毫秒内初始化
24-Sep-2025 08:33:08.431 信息 [main] org.apache.catalina.core.StandardService.startInternal 正在启动服务[Catalina]
24-Sep-2025 08:33:08.433 信息 [main] org.apache.catalina.core.StandardEngine.startInternal 正在启动 Servlet 引擎：[Apache Tomcat/9.0.80]
24-Sep-2025 08:33:08.441 信息 [main] org.apache.catalina.startup.HostConfig.deployDirectory 把web 应用程序部署到目录 [G:\01_Master\04_Update\大四下学期\campusHelp\apache-tomcat-9.0.80\webapps\campusHelp]
24-Sep-2025 08:33:11.203 信息 [main] org.apache.jasper.servlet.TldScanner.scanJars 至少有一个JAR被扫描用于TLD但尚未包含TLD。 为此记录器启用调试日志记录，以获取已扫描但未在其中找到TLD的完整JAR列表。 在扫描期间跳过不需要的JAR可以缩短启动时间和JSP编译时间。
24-Sep-2025 08:33:11.737 信息 [main] org.apache.catalina.startup.HostConfig.deployDirectory Web应用程序目录[G:\01_Master\04_Update\大四下学期\campusHelp\apache-tomcat-9.0.80\webapps\campusHelp]的部署已在[3,293]毫秒内完成
24-Sep-2025 08:33:11.738 信息 [main] org.apache.catalina.startup.HostConfig.deployDirectory 把web 应用程序部署到目录 [G:\01_Master\04_Update\大四下学期\campusHelp\apache-tomcat-9.0.80\webapps\docs]
24-Sep-2025 08:33:11.794 信息 [main] org.apache.catalina.startup.HostConfig.deployDirectory Web应用程序目录[G:\01_Master\04_Update\大四下学期\campusHelp\apache-tomcat-9.0.80\webapps\docs]的部署已在[56]毫秒内完成
24-Sep-2025 08:33:11.794 信息 [main] org.apache.catalina.startup.HostConfig.deployDirectory 把web 应用程序部署到目录 [G:\01_Master\04_Update\大四下学期\campusHelp\apache-tomcat-9.0.80\webapps\examples]
24-Sep-2025 08:33:12.415 信息 [main] org.apache.catalina.startup.HostConfig.deployDirectory Web应用程序目录[G:\01_Master\04_Update\大四下学期\campusHelp\apache-tomcat-9.0.80\webapps\examples]的部署已在[620]毫秒内完成
24-Sep-2025 08:33:12.415 信息 [main] org.apache.catalina.startup.HostConfig.deployDirectory 把web 应用程序部署到目录 [G:\01_Master\04_Update\大四下学期\campusHelp\apache-tomcat-9.0.80\webapps\host-manager]
24-Sep-2025 08:33:12.476 信息 [main] org.apache.catalina.startup.HostConfig.deployDirectory Web应用程序目录[G:\01_Master\04_Update\大四下学期\campusHelp\apache-tomcat-9.0.80\webapps\host-manager]的部署已在[61]毫秒内完成
24-Sep-2025 08:33:12.477 信息 [main] org.apache.catalina.startup.HostConfig.deployDirectory 把web 应用程序部署到目录 [G:\01_Master\04_Update\大四下学期\campusHelp\apache-tomcat-9.0.80\webapps\manager]
24-Sep-2025 08:33:12.547 信息 [main] org.apache.catalina.startup.HostConfig.deployDirectory Web应用程序目录[G:\01_Master\04_Update\大四下学期\campusHelp\apache-tomcat-9.0.80\webapps\manager]的部署已在[69]毫秒内完成
24-Sep-2025 08:33:12.547 信息 [main] org.apache.catalina.startup.HostConfig.deployDirectory 把web 应用程序部署到目录 [G:\01_Master\04_Update\大四下学期\campusHelp\apache-tomcat-9.0.80\webapps\ROOT]
24-Sep-2025 08:33:12.583 信息 [main] org.apache.catalina.startup.HostConfig.deployDirectory Web应用程序目录[G:\01_Master\04_Update\大四下学期\campusHelp\apache-tomcat-9.0.80\webapps\ROOT]的部署已在[36]毫秒内完成
24-Sep-2025 08:33:12.585 信息 [main] org.apache.coyote.AbstractProtocol.start 开始协议处理句柄["http-nio-8080"]
24-Sep-2025 08:33:12.607 信息 [main] org.apache.catalina.startup.Catalina.start [4246]毫秒后服务器启动
24-Sep-2025 08:34:01.879 信息 [main] org.apache.catalina.core.StandardServer.await 通过关闭端口接收到有效的关闭命令。正在停止服务器实例。
24-Sep-2025 08:34:01.880 信息 [main] org.apache.coyote.AbstractProtocol.pause 暂停ProtocolHandler["http-nio-8080"]
24-Sep-2025 08:34:01.883 信息 [main] org.apache.catalina.core.StandardService.stopInternal 正在停止服务[Catalina]
24-Sep-2025 08:34:01.901 警告 [main] org.apache.catalina.loader.WebappClassLoaderBase.clearReferencesJdbc Web应用程序 [campusHelp] 注册了JDBC驱动程序 [com.mysql.jdbc.Driver]，但在Web应用程序停止时无法注销它。 为防止内存泄漏，JDBC驱动程序已被强制取消注册。
24-Sep-2025 08:34:01.902 严重 [main] org.apache.catalina.loader.WebappClassLoaderBase.checkThreadLocalMapForLeaks web应用程序[campusHelp]创建了一个ThreadLocal，其键类型为[java.lang.ThreadLocal]（值为[java.lang.ThreadLocal@593f7d2e]），值类型为[com.github.pagehelper.Page]（值为[Page{count=true, pageNum=1, pageSize=6, startRow=0, endRow=6, total=0, pages=0, countSignal=null, orderBy='null', orderByOnly=false, reasonable=null, pageSizeZero=null}），但在停止web应用程序时未能将其删除。线程将随着时间的推移而更新，以尝试避免可能的内存泄漏
24-Sep-2025 08:34:01.908 信息 [main] org.apache.coyote.AbstractProtocol.stop 正在停止ProtocolHandler ["http-nio-8080"]
24-Sep-2025 08:34:01.925 信息 [main] org.apache.coyote.AbstractProtocol.destroy 正在摧毁协议处理器 ["http-nio-8080"]
24-Sep-2025 08:34:12.836 信息 [main] org.apache.catalina.startup.VersionLoggerListener.log Server.服务器版本: Apache Tomcat/9.0.80
24-Sep-2025 08:34:12.840 信息 [main] org.apache.catalina.startup.VersionLoggerListener.log 服务器构建:        Aug 23 2023 21:59:38 UTC
24-Sep-2025 08:34:12.841 信息 [main] org.apache.catalina.startup.VersionLoggerListener.log 服务器版本号:      9.0.80.0
24-Sep-2025 08:34:12.841 信息 [main] org.apache.catalina.startup.VersionLoggerListener.log 操作系统名称:      Windows 11
24-Sep-2025 08:34:12.842 信息 [main] org.apache.catalina.startup.VersionLoggerListener.log OS.版本:           10.0
24-Sep-2025 08:34:12.842 信息 [main] org.apache.catalina.startup.VersionLoggerListener.log 架构:              amd64
24-Sep-2025 08:34:12.842 信息 [main] org.apache.catalina.startup.VersionLoggerListener.log Java 环境变量:     C:\Program Files\Java\jdk-21
24-Sep-2025 08:34:12.843 信息 [main] org.apache.catalina.startup.VersionLoggerListener.log Java虚拟机版本:    21.0.2+13-LTS-58
24-Sep-2025 08:34:12.844 信息 [main] org.apache.catalina.startup.VersionLoggerListener.log JVM.供应商:        Oracle Corporation
24-Sep-2025 08:34:12.844 信息 [main] org.apache.catalina.startup.VersionLoggerListener.log CATALINA_BASE:     G:\01_Master\04_Update\大四下学期\campusHelp\apache-tomcat-9.0.80
24-Sep-2025 08:34:12.845 信息 [main] org.apache.catalina.startup.VersionLoggerListener.log CATALINA_HOME:     G:\01_Master\04_Update\大四下学期\campusHelp\apache-tomcat-9.0.80
24-Sep-2025 08:34:12.858 信息 [main] org.apache.catalina.startup.VersionLoggerListener.log 命令行参数：       --add-opens=java.base/java.lang=ALL-UNNAMED
24-Sep-2025 08:34:12.859 信息 [main] org.apache.catalina.startup.VersionLoggerListener.log 命令行参数：       --add-opens=java.base/java.io=ALL-UNNAMED
24-Sep-2025 08:34:12.860 信息 [main] org.apache.catalina.startup.VersionLoggerListener.log 命令行参数：       --add-opens=java.base/java.util=ALL-UNNAMED
24-Sep-2025 08:34:12.860 信息 [main] org.apache.catalina.startup.VersionLoggerListener.log 命令行参数：       --add-opens=java.base/java.util.concurrent=ALL-UNNAMED
24-Sep-2025 08:34:12.860 信息 [main] org.apache.catalina.startup.VersionLoggerListener.log 命令行参数：       --add-opens=java.rmi/sun.rmi.transport=ALL-UNNAMED
24-Sep-2025 08:34:12.861 信息 [main] org.apache.catalina.startup.VersionLoggerListener.log 命令行参数：       -Djava.util.logging.config.file=G:\01_Master\04_Update\大四下学期\campusHelp\apache-tomcat-9.0.80\conf\logging.properties
24-Sep-2025 08:34:12.862 信息 [main] org.apache.catalina.startup.VersionLoggerListener.log 命令行参数：       -Djava.util.logging.manager=org.apache.juli.ClassLoaderLogManager
24-Sep-2025 08:34:12.862 信息 [main] org.apache.catalina.startup.VersionLoggerListener.log 命令行参数：       -Djdk.tls.ephemeralDHKeySize=2048
24-Sep-2025 08:34:12.862 信息 [main] org.apache.catalina.startup.VersionLoggerListener.log 命令行参数：       -Djava.protocol.handler.pkgs=org.apache.catalina.webresources
24-Sep-2025 08:34:12.863 信息 [main] org.apache.catalina.startup.VersionLoggerListener.log 命令行参数：       -Dignore.endorsed.dirs=
24-Sep-2025 08:34:12.863 信息 [main] org.apache.catalina.startup.VersionLoggerListener.log 命令行参数：       -Dcatalina.base=G:\01_Master\04_Update\大四下学期\campusHelp\apache-tomcat-9.0.80
24-Sep-2025 08:34:12.864 信息 [main] org.apache.catalina.startup.VersionLoggerListener.log 命令行参数：       -Dcatalina.home=G:\01_Master\04_Update\大四下学期\campusHelp\apache-tomcat-9.0.80
24-Sep-2025 08:34:12.864 信息 [main] org.apache.catalina.startup.VersionLoggerListener.log 命令行参数：       -Djava.io.tmpdir=F:\Java\tomcat8\tomcat8\temp
24-Sep-2025 08:34:12.870 信息 [main] org.apache.catalina.core.AprLifecycleListener.lifecycleEvent 使用APR版本[1.7.4]加载了基于APR的Apache Tomcat本机库[1.2.38]。
24-Sep-2025 08:34:12.870 信息 [main] org.apache.catalina.core.AprLifecycleListener.lifecycleEvent APR功能：IPv6[true]、sendfile[true]、accept filters[false]、random[true]、UDS [true]。
24-Sep-2025 08:34:12.870 信息 [main] org.apache.catalina.core.AprLifecycleListener.lifecycleEvent APR/OpenSSL配置：useAprConnector[false]，useOpenSSL[true]
24-Sep-2025 08:34:12.876 信息 [main] org.apache.catalina.core.AprLifecycleListener.initializeSSL OpenSSL成功初始化 [OpenSSL 1.1.1v  1 Aug 2023]
24-Sep-2025 08:34:13.174 信息 [main] org.apache.coyote.AbstractProtocol.init 初始化协议处理器 ["http-nio-8080"]
24-Sep-2025 08:34:13.201 信息 [main] org.apache.catalina.startup.Catalina.load 服务器在[575]毫秒内初始化
24-Sep-2025 08:34:13.256 信息 [main] org.apache.catalina.core.StandardService.startInternal 正在启动服务[Catalina]
24-Sep-2025 08:34:13.256 信息 [main] org.apache.catalina.core.StandardEngine.startInternal 正在启动 Servlet 引擎：[Apache Tomcat/9.0.80]
24-Sep-2025 08:34:13.266 信息 [main] org.apache.catalina.startup.HostConfig.deployDirectory 把web 应用程序部署到目录 [G:\01_Master\04_Update\大四下学期\campusHelp\apache-tomcat-9.0.80\webapps\campusHelp]
24-Sep-2025 08:34:16.291 信息 [main] org.apache.jasper.servlet.TldScanner.scanJars 至少有一个JAR被扫描用于TLD但尚未包含TLD。 为此记录器启用调试日志记录，以获取已扫描但未在其中找到TLD的完整JAR列表。 在扫描期间跳过不需要的JAR可以缩短启动时间和JSP编译时间。
24-Sep-2025 08:34:16.810 信息 [main] org.apache.catalina.startup.HostConfig.deployDirectory Web应用程序目录[G:\01_Master\04_Update\大四下学期\campusHelp\apache-tomcat-9.0.80\webapps\campusHelp]的部署已在[3,539]毫秒内完成
24-Sep-2025 08:34:16.811 信息 [main] org.apache.catalina.startup.HostConfig.deployDirectory 把web 应用程序部署到目录 [G:\01_Master\04_Update\大四下学期\campusHelp\apache-tomcat-9.0.80\webapps\docs]
24-Sep-2025 08:34:16.863 信息 [main] org.apache.catalina.startup.HostConfig.deployDirectory Web应用程序目录[G:\01_Master\04_Update\大四下学期\campusHelp\apache-tomcat-9.0.80\webapps\docs]的部署已在[52]毫秒内完成
24-Sep-2025 08:34:16.864 信息 [main] org.apache.catalina.startup.HostConfig.deployDirectory 把web 应用程序部署到目录 [G:\01_Master\04_Update\大四下学期\campusHelp\apache-tomcat-9.0.80\webapps\examples]
24-Sep-2025 08:34:17.507 信息 [main] org.apache.catalina.startup.HostConfig.deployDirectory Web应用程序目录[G:\01_Master\04_Update\大四下学期\campusHelp\apache-tomcat-9.0.80\webapps\examples]的部署已在[643]毫秒内完成
24-Sep-2025 08:34:17.508 信息 [main] org.apache.catalina.startup.HostConfig.deployDirectory 把web 应用程序部署到目录 [G:\01_Master\04_Update\大四下学期\campusHelp\apache-tomcat-9.0.80\webapps\host-manager]
24-Sep-2025 08:34:17.568 信息 [main] org.apache.catalina.startup.HostConfig.deployDirectory Web应用程序目录[G:\01_Master\04_Update\大四下学期\campusHelp\apache-tomcat-9.0.80\webapps\host-manager]的部署已在[60]毫秒内完成
24-Sep-2025 08:34:17.569 信息 [main] org.apache.catalina.startup.HostConfig.deployDirectory 把web 应用程序部署到目录 [G:\01_Master\04_Update\大四下学期\campusHelp\apache-tomcat-9.0.80\webapps\manager]
24-Sep-2025 08:34:17.640 信息 [main] org.apache.catalina.startup.HostConfig.deployDirectory Web应用程序目录[G:\01_Master\04_Update\大四下学期\campusHelp\apache-tomcat-9.0.80\webapps\manager]的部署已在[71]毫秒内完成
24-Sep-2025 08:34:17.641 信息 [main] org.apache.catalina.startup.HostConfig.deployDirectory 把web 应用程序部署到目录 [G:\01_Master\04_Update\大四下学期\campusHelp\apache-tomcat-9.0.80\webapps\ROOT]
24-Sep-2025 08:34:17.684 信息 [main] org.apache.catalina.startup.HostConfig.deployDirectory Web应用程序目录[G:\01_Master\04_Update\大四下学期\campusHelp\apache-tomcat-9.0.80\webapps\ROOT]的部署已在[43]毫秒内完成
24-Sep-2025 08:34:17.687 信息 [main] org.apache.coyote.AbstractProtocol.start 开始协议处理句柄["http-nio-8080"]
24-Sep-2025 08:34:17.712 信息 [main] org.apache.catalina.startup.Catalina.start [4508]毫秒后服务器启动
24-Sep-2025 08:36:29.468 信息 [main] org.apache.catalina.core.StandardServer.await 通过关闭端口接收到有效的关闭命令。正在停止服务器实例。
24-Sep-2025 08:36:29.468 信息 [main] org.apache.coyote.AbstractProtocol.pause 暂停ProtocolHandler["http-nio-8080"]
24-Sep-2025 08:36:29.472 信息 [main] org.apache.catalina.core.StandardService.stopInternal 正在停止服务[Catalina]
24-Sep-2025 08:36:29.492 警告 [main] org.apache.catalina.loader.WebappClassLoaderBase.clearReferencesJdbc Web应用程序 [campusHelp] 注册了JDBC驱动程序 [com.mysql.jdbc.Driver]，但在Web应用程序停止时无法注销它。 为防止内存泄漏，JDBC驱动程序已被强制取消注册。
24-Sep-2025 08:36:29.494 严重 [main] org.apache.catalina.loader.WebappClassLoaderBase.checkThreadLocalMapForLeaks web应用程序[campusHelp]创建了一个ThreadLocal，其键类型为[java.lang.ThreadLocal]（值为[java.lang.ThreadLocal@352ce817]），值类型为[com.github.pagehelper.Page]（值为[Page{count=true, pageNum=1, pageSize=6, startRow=0, endRow=6, total=0, pages=0, countSignal=null, orderBy='null', orderByOnly=false, reasonable=null, pageSizeZero=null}），但在停止web应用程序时未能将其删除。线程将随着时间的推移而更新，以尝试避免可能的内存泄漏
24-Sep-2025 08:36:29.501 信息 [main] org.apache.coyote.AbstractProtocol.stop 正在停止ProtocolHandler ["http-nio-8080"]
24-Sep-2025 08:36:29.510 信息 [main] org.apache.coyote.AbstractProtocol.destroy 正在摧毁协议处理器 ["http-nio-8080"]
24-Sep-2025 08:36:51.279 信息 [main] org.apache.catalina.startup.VersionLoggerListener.log Server.服务器版本: Apache Tomcat/9.0.80
24-Sep-2025 08:36:51.285 信息 [main] org.apache.catalina.startup.VersionLoggerListener.log 服务器构建:        Aug 23 2023 21:59:38 UTC
24-Sep-2025 08:36:51.285 信息 [main] org.apache.catalina.startup.VersionLoggerListener.log 服务器版本号:      9.0.80.0
24-Sep-2025 08:36:51.286 信息 [main] org.apache.catalina.startup.VersionLoggerListener.log 操作系统名称:      Windows 11
24-Sep-2025 08:36:51.286 信息 [main] org.apache.catalina.startup.VersionLoggerListener.log OS.版本:           10.0
24-Sep-2025 08:36:51.287 信息 [main] org.apache.catalina.startup.VersionLoggerListener.log 架构:              amd64
24-Sep-2025 08:36:51.287 信息 [main] org.apache.catalina.startup.VersionLoggerListener.log Java 环境变量:     C:\Program Files\Java\jdk-21
24-Sep-2025 08:36:51.287 信息 [main] org.apache.catalina.startup.VersionLoggerListener.log Java虚拟机版本:    21.0.2+13-LTS-58
24-Sep-2025 08:36:51.287 信息 [main] org.apache.catalina.startup.VersionLoggerListener.log JVM.供应商:        Oracle Corporation
24-Sep-2025 08:36:51.287 信息 [main] org.apache.catalina.startup.VersionLoggerListener.log CATALINA_BASE:     G:\01_Master\04_Update\大四下学期\campusHelp\apache-tomcat-9.0.80
24-Sep-2025 08:36:51.287 信息 [main] org.apache.catalina.startup.VersionLoggerListener.log CATALINA_HOME:     G:\01_Master\04_Update\大四下学期\campusHelp\apache-tomcat-9.0.80
24-Sep-2025 08:36:51.299 信息 [main] org.apache.catalina.startup.VersionLoggerListener.log 命令行参数：       --add-opens=java.base/java.lang=ALL-UNNAMED
24-Sep-2025 08:36:51.299 信息 [main] org.apache.catalina.startup.VersionLoggerListener.log 命令行参数：       --add-opens=java.base/java.io=ALL-UNNAMED
24-Sep-2025 08:36:51.299 信息 [main] org.apache.catalina.startup.VersionLoggerListener.log 命令行参数：       --add-opens=java.base/java.util=ALL-UNNAMED
24-Sep-2025 08:36:51.299 信息 [main] org.apache.catalina.startup.VersionLoggerListener.log 命令行参数：       --add-opens=java.base/java.util.concurrent=ALL-UNNAMED
24-Sep-2025 08:36:51.299 信息 [main] org.apache.catalina.startup.VersionLoggerListener.log 命令行参数：       --add-opens=java.rmi/sun.rmi.transport=ALL-UNNAMED
24-Sep-2025 08:36:51.299 信息 [main] org.apache.catalina.startup.VersionLoggerListener.log 命令行参数：       -Djava.util.logging.config.file=G:\01_Master\04_Update\大四下学期\campusHelp\apache-tomcat-9.0.80\conf\logging.properties
24-Sep-2025 08:36:51.299 信息 [main] org.apache.catalina.startup.VersionLoggerListener.log 命令行参数：       -Djava.util.logging.manager=org.apache.juli.ClassLoaderLogManager
24-Sep-2025 08:36:51.299 信息 [main] org.apache.catalina.startup.VersionLoggerListener.log 命令行参数：       -Djdk.tls.ephemeralDHKeySize=2048
24-Sep-2025 08:36:51.306 信息 [main] org.apache.catalina.startup.VersionLoggerListener.log 命令行参数：       -Djava.protocol.handler.pkgs=org.apache.catalina.webresources
24-Sep-2025 08:36:51.306 信息 [main] org.apache.catalina.startup.VersionLoggerListener.log 命令行参数：       -Dignore.endorsed.dirs=
24-Sep-2025 08:36:51.306 信息 [main] org.apache.catalina.startup.VersionLoggerListener.log 命令行参数：       -Dcatalina.base=G:\01_Master\04_Update\大四下学期\campusHelp\apache-tomcat-9.0.80
24-Sep-2025 08:36:51.306 信息 [main] org.apache.catalina.startup.VersionLoggerListener.log 命令行参数：       -Dcatalina.home=G:\01_Master\04_Update\大四下学期\campusHelp\apache-tomcat-9.0.80
24-Sep-2025 08:36:51.306 信息 [main] org.apache.catalina.startup.VersionLoggerListener.log 命令行参数：       -Djava.io.tmpdir=F:\Java\tomcat8\tomcat8\temp
24-Sep-2025 08:36:51.306 信息 [main] org.apache.catalina.core.AprLifecycleListener.lifecycleEvent 使用APR版本[1.7.4]加载了基于APR的Apache Tomcat本机库[1.2.38]。
24-Sep-2025 08:36:51.306 信息 [main] org.apache.catalina.core.AprLifecycleListener.lifecycleEvent APR功能：IPv6[true]、sendfile[true]、accept filters[false]、random[true]、UDS [true]。
24-Sep-2025 08:36:51.313 信息 [main] org.apache.catalina.core.AprLifecycleListener.lifecycleEvent APR/OpenSSL配置：useAprConnector[false]，useOpenSSL[true]
24-Sep-2025 08:36:51.316 信息 [main] org.apache.catalina.core.AprLifecycleListener.initializeSSL OpenSSL成功初始化 [OpenSSL 1.1.1v  1 Aug 2023]
24-Sep-2025 08:36:51.612 信息 [main] org.apache.coyote.AbstractProtocol.init 初始化协议处理器 ["http-nio-8080"]
24-Sep-2025 08:36:51.640 信息 [main] org.apache.catalina.startup.Catalina.load 服务器在[650]毫秒内初始化
24-Sep-2025 08:36:51.695 信息 [main] org.apache.catalina.core.StandardService.startInternal 正在启动服务[Catalina]
24-Sep-2025 08:36:51.695 信息 [main] org.apache.catalina.core.StandardEngine.startInternal 正在启动 Servlet 引擎：[Apache Tomcat/9.0.80]
24-Sep-2025 08:36:51.705 信息 [main] org.apache.catalina.startup.HostConfig.deployDirectory 把web 应用程序部署到目录 [G:\01_Master\04_Update\大四下学期\campusHelp\apache-tomcat-9.0.80\webapps\campusHelp]
24-Sep-2025 08:36:54.999 信息 [main] org.apache.jasper.servlet.TldScanner.scanJars 至少有一个JAR被扫描用于TLD但尚未包含TLD。 为此记录器启用调试日志记录，以获取已扫描但未在其中找到TLD的完整JAR列表。 在扫描期间跳过不需要的JAR可以缩短启动时间和JSP编译时间。
24-Sep-2025 08:36:55.508 信息 [main] org.apache.catalina.startup.HostConfig.deployDirectory Web应用程序目录[G:\01_Master\04_Update\大四下学期\campusHelp\apache-tomcat-9.0.80\webapps\campusHelp]的部署已在[3,797]毫秒内完成
24-Sep-2025 08:36:55.508 信息 [main] org.apache.catalina.startup.HostConfig.deployDirectory 把web 应用程序部署到目录 [G:\01_Master\04_Update\大四下学期\campusHelp\apache-tomcat-9.0.80\webapps\docs]
24-Sep-2025 08:36:55.559 信息 [main] org.apache.catalina.startup.HostConfig.deployDirectory Web应用程序目录[G:\01_Master\04_Update\大四下学期\campusHelp\apache-tomcat-9.0.80\webapps\docs]的部署已在[50]毫秒内完成
24-Sep-2025 08:36:55.559 信息 [main] org.apache.catalina.startup.HostConfig.deployDirectory 把web 应用程序部署到目录 [G:\01_Master\04_Update\大四下学期\campusHelp\apache-tomcat-9.0.80\webapps\examples]
24-Sep-2025 08:36:56.168 信息 [main] org.apache.catalina.startup.HostConfig.deployDirectory Web应用程序目录[G:\01_Master\04_Update\大四下学期\campusHelp\apache-tomcat-9.0.80\webapps\examples]的部署已在[609]毫秒内完成
24-Sep-2025 08:36:56.168 信息 [main] org.apache.catalina.startup.HostConfig.deployDirectory 把web 应用程序部署到目录 [G:\01_Master\04_Update\大四下学期\campusHelp\apache-tomcat-9.0.80\webapps\host-manager]
24-Sep-2025 08:36:56.245 信息 [main] org.apache.catalina.startup.HostConfig.deployDirectory Web应用程序目录[G:\01_Master\04_Update\大四下学期\campusHelp\apache-tomcat-9.0.80\webapps\host-manager]的部署已在[77]毫秒内完成
24-Sep-2025 08:36:56.245 信息 [main] org.apache.catalina.startup.HostConfig.deployDirectory 把web 应用程序部署到目录 [G:\01_Master\04_Update\大四下学期\campusHelp\apache-tomcat-9.0.80\webapps\manager]
24-Sep-2025 08:36:56.327 信息 [main] org.apache.catalina.startup.HostConfig.deployDirectory Web应用程序目录[G:\01_Master\04_Update\大四下学期\campusHelp\apache-tomcat-9.0.80\webapps\manager]的部署已在[82]毫秒内完成
24-Sep-2025 08:36:56.328 信息 [main] org.apache.catalina.startup.HostConfig.deployDirectory 把web 应用程序部署到目录 [G:\01_Master\04_Update\大四下学期\campusHelp\apache-tomcat-9.0.80\webapps\ROOT]
24-Sep-2025 08:36:56.365 信息 [main] org.apache.catalina.startup.HostConfig.deployDirectory Web应用程序目录[G:\01_Master\04_Update\大四下学期\campusHelp\apache-tomcat-9.0.80\webapps\ROOT]的部署已在[37]毫秒内完成
24-Sep-2025 08:36:56.367 信息 [main] org.apache.coyote.AbstractProtocol.start 开始协议处理句柄["http-nio-8080"]
24-Sep-2025 08:36:56.394 信息 [main] org.apache.catalina.startup.Catalina.start [4751]毫秒后服务器启动
24-Sep-2025 08:48:05.750 信息 [main] org.apache.catalina.startup.VersionLoggerListener.log Server.服务器版本: Apache Tomcat/9.0.80
24-Sep-2025 08:48:05.754 信息 [main] org.apache.catalina.startup.VersionLoggerListener.log 服务器构建:        Aug 23 2023 21:59:38 UTC
24-Sep-2025 08:48:05.754 信息 [main] org.apache.catalina.startup.VersionLoggerListener.log 服务器版本号:      9.0.80.0
24-Sep-2025 08:48:05.755 信息 [main] org.apache.catalina.startup.VersionLoggerListener.log 操作系统名称:      Windows 11
24-Sep-2025 08:48:05.755 信息 [main] org.apache.catalina.startup.VersionLoggerListener.log OS.版本:           10.0
24-Sep-2025 08:48:05.756 信息 [main] org.apache.catalina.startup.VersionLoggerListener.log 架构:              amd64
24-Sep-2025 08:48:05.756 信息 [main] org.apache.catalina.startup.VersionLoggerListener.log Java 环境变量:     C:\Program Files\Java\jdk-21
24-Sep-2025 08:48:05.756 信息 [main] org.apache.catalina.startup.VersionLoggerListener.log Java虚拟机版本:    21.0.2+13-LTS-58
24-Sep-2025 08:48:05.757 信息 [main] org.apache.catalina.startup.VersionLoggerListener.log JVM.供应商:        Oracle Corporation
24-Sep-2025 08:48:05.757 信息 [main] org.apache.catalina.startup.VersionLoggerListener.log CATALINA_BASE:     G:\01_Master\04_Update\大四下学期\campusHelp\apache-tomcat-9.0.80
24-Sep-2025 08:48:05.757 信息 [main] org.apache.catalina.startup.VersionLoggerListener.log CATALINA_HOME:     G:\01_Master\04_Update\大四下学期\campusHelp\apache-tomcat-9.0.80
24-Sep-2025 08:48:05.767 信息 [main] org.apache.catalina.startup.VersionLoggerListener.log 命令行参数：       --add-opens=java.base/java.lang=ALL-UNNAMED
24-Sep-2025 08:48:05.767 信息 [main] org.apache.catalina.startup.VersionLoggerListener.log 命令行参数：       --add-opens=java.base/java.io=ALL-UNNAMED
24-Sep-2025 08:48:05.768 信息 [main] org.apache.catalina.startup.VersionLoggerListener.log 命令行参数：       --add-opens=java.base/java.util=ALL-UNNAMED
24-Sep-2025 08:48:05.768 信息 [main] org.apache.catalina.startup.VersionLoggerListener.log 命令行参数：       --add-opens=java.base/java.util.concurrent=ALL-UNNAMED
24-Sep-2025 08:48:05.768 信息 [main] org.apache.catalina.startup.VersionLoggerListener.log 命令行参数：       --add-opens=java.rmi/sun.rmi.transport=ALL-UNNAMED
24-Sep-2025 08:48:05.768 信息 [main] org.apache.catalina.startup.VersionLoggerListener.log 命令行参数：       -Djava.util.logging.config.file=G:\01_Master\04_Update\大四下学期\campusHelp\apache-tomcat-9.0.80\conf\logging.properties
24-Sep-2025 08:48:05.768 信息 [main] org.apache.catalina.startup.VersionLoggerListener.log 命令行参数：       -Djava.util.logging.manager=org.apache.juli.ClassLoaderLogManager
24-Sep-2025 08:48:05.768 信息 [main] org.apache.catalina.startup.VersionLoggerListener.log 命令行参数：       -Djdk.tls.ephemeralDHKeySize=2048
24-Sep-2025 08:48:05.768 信息 [main] org.apache.catalina.startup.VersionLoggerListener.log 命令行参数：       -Djava.protocol.handler.pkgs=org.apache.catalina.webresources
24-Sep-2025 08:48:05.770 信息 [main] org.apache.catalina.startup.VersionLoggerListener.log 命令行参数：       -Dignore.endorsed.dirs=
24-Sep-2025 08:48:05.771 信息 [main] org.apache.catalina.startup.VersionLoggerListener.log 命令行参数：       -Dcatalina.base=G:\01_Master\04_Update\大四下学期\campusHelp\apache-tomcat-9.0.80
24-Sep-2025 08:48:05.771 信息 [main] org.apache.catalina.startup.VersionLoggerListener.log 命令行参数：       -Dcatalina.home=G:\01_Master\04_Update\大四下学期\campusHelp\apache-tomcat-9.0.80
24-Sep-2025 08:48:05.771 信息 [main] org.apache.catalina.startup.VersionLoggerListener.log 命令行参数：       -Djava.io.tmpdir=F:\Java\tomcat8\tomcat8\temp
24-Sep-2025 08:48:05.775 信息 [main] org.apache.catalina.core.AprLifecycleListener.lifecycleEvent 使用APR版本[1.7.4]加载了基于APR的Apache Tomcat本机库[1.2.38]。
24-Sep-2025 08:48:05.775 信息 [main] org.apache.catalina.core.AprLifecycleListener.lifecycleEvent APR功能：IPv6[true]、sendfile[true]、accept filters[false]、random[true]、UDS [true]。
24-Sep-2025 08:48:05.775 信息 [main] org.apache.catalina.core.AprLifecycleListener.lifecycleEvent APR/OpenSSL配置：useAprConnector[false]，useOpenSSL[true]
24-Sep-2025 08:48:05.782 信息 [main] org.apache.catalina.core.AprLifecycleListener.initializeSSL OpenSSL成功初始化 [OpenSSL 1.1.1v  1 Aug 2023]
24-Sep-2025 08:48:06.100 信息 [main] org.apache.coyote.AbstractProtocol.init 初始化协议处理器 ["http-nio-8080"]
24-Sep-2025 08:48:06.118 严重 [main] org.apache.catalina.util.LifecycleBase.handleSubClassException 初始化组件[Connector["http-nio-8080"]]失败。
	org.apache.catalina.LifecycleException: 协议处理程序初始化失败
		at org.apache.catalina.connector.Connector.initInternal(Connector.java:1011)
		at org.apache.catalina.util.LifecycleBase.init(LifecycleBase.java:127)
		at org.apache.catalina.core.StandardService.initInternal(StandardService.java:554)
		at org.apache.catalina.util.LifecycleBase.init(LifecycleBase.java:127)
		at org.apache.catalina.core.StandardServer.initInternal(StandardServer.java:1040)
		at org.apache.catalina.util.LifecycleBase.init(LifecycleBase.java:127)
		at org.apache.catalina.startup.Catalina.load(Catalina.java:724)
		at org.apache.catalina.startup.Catalina.load(Catalina.java:746)
		at java.base/jdk.internal.reflect.DirectMethodHandleAccessor.invoke(DirectMethodHandleAccessor.java:103)
		at java.base/java.lang.reflect.Method.invoke(Method.java:580)
		at org.apache.catalina.startup.Bootstrap.load(Bootstrap.java:307)
		at org.apache.catalina.startup.Bootstrap.main(Bootstrap.java:477)
	Caused by: java.net.BindException: Address already in use: bind
		at java.base/sun.nio.ch.Net.bind0(Native Method)
		at java.base/sun.nio.ch.Net.bind(Net.java:565)
		at java.base/sun.nio.ch.ServerSocketChannelImpl.netBind(ServerSocketChannelImpl.java:344)
		at java.base/sun.nio.ch.ServerSocketChannelImpl.bind(ServerSocketChannelImpl.java:301)
		at org.apache.tomcat.util.net.NioEndpoint.initServerSocket(NioEndpoint.java:276)
		at org.apache.tomcat.util.net.NioEndpoint.bind(NioEndpoint.java:231)
		at org.apache.tomcat.util.net.AbstractEndpoint.bindWithCleanup(AbstractEndpoint.java:1324)
		at org.apache.tomcat.util.net.AbstractEndpoint.init(AbstractEndpoint.java:1337)
		at org.apache.coyote.AbstractProtocol.init(AbstractProtocol.java:652)
		at org.apache.coyote.http11.AbstractHttp11Protocol.init(AbstractHttp11Protocol.java:75)
		at org.apache.catalina.connector.Connector.initInternal(Connector.java:1009)
		... 11 more
24-Sep-2025 08:48:06.119 信息 [main] org.apache.catalina.startup.Catalina.load 服务器在[593]毫秒内初始化
24-Sep-2025 08:48:06.180 信息 [main] org.apache.catalina.core.StandardService.startInternal 正在启动服务[Catalina]
24-Sep-2025 08:48:06.180 信息 [main] org.apache.catalina.core.StandardEngine.startInternal 正在启动 Servlet 引擎：[Apache Tomcat/9.0.80]
24-Sep-2025 08:48:06.192 信息 [main] org.apache.catalina.startup.HostConfig.deployDirectory 把web 应用程序部署到目录 [G:\01_Master\04_Update\大四下学期\campusHelp\apache-tomcat-9.0.80\webapps\campusHelp]
24-Sep-2025 08:48:09.689 信息 [main] org.apache.jasper.servlet.TldScanner.scanJars 至少有一个JAR被扫描用于TLD但尚未包含TLD。 为此记录器启用调试日志记录，以获取已扫描但未在其中找到TLD的完整JAR列表。 在扫描期间跳过不需要的JAR可以缩短启动时间和JSP编译时间。
24-Sep-2025 08:48:10.217 信息 [main] org.apache.catalina.startup.HostConfig.deployDirectory Web应用程序目录[G:\01_Master\04_Update\大四下学期\campusHelp\apache-tomcat-9.0.80\webapps\campusHelp]的部署已在[4,015]毫秒内完成
24-Sep-2025 08:48:10.217 信息 [main] org.apache.catalina.startup.HostConfig.deployDirectory 把web 应用程序部署到目录 [G:\01_Master\04_Update\大四下学期\campusHelp\apache-tomcat-9.0.80\webapps\docs]
24-Sep-2025 08:48:10.272 信息 [main] org.apache.catalina.startup.HostConfig.deployDirectory Web应用程序目录[G:\01_Master\04_Update\大四下学期\campusHelp\apache-tomcat-9.0.80\webapps\docs]的部署已在[55]毫秒内完成
24-Sep-2025 08:48:10.272 信息 [main] org.apache.catalina.startup.HostConfig.deployDirectory 把web 应用程序部署到目录 [G:\01_Master\04_Update\大四下学期\campusHelp\apache-tomcat-9.0.80\webapps\examples]
24-Sep-2025 08:48:10.886 信息 [main] org.apache.catalina.startup.HostConfig.deployDirectory Web应用程序目录[G:\01_Master\04_Update\大四下学期\campusHelp\apache-tomcat-9.0.80\webapps\examples]的部署已在[614]毫秒内完成
24-Sep-2025 08:48:10.886 信息 [main] org.apache.catalina.startup.HostConfig.deployDirectory 把web 应用程序部署到目录 [G:\01_Master\04_Update\大四下学期\campusHelp\apache-tomcat-9.0.80\webapps\host-manager]
24-Sep-2025 08:48:10.946 信息 [main] org.apache.catalina.startup.HostConfig.deployDirectory Web应用程序目录[G:\01_Master\04_Update\大四下学期\campusHelp\apache-tomcat-9.0.80\webapps\host-manager]的部署已在[60]毫秒内完成
24-Sep-2025 08:48:10.946 信息 [main] org.apache.catalina.startup.HostConfig.deployDirectory 把web 应用程序部署到目录 [G:\01_Master\04_Update\大四下学期\campusHelp\apache-tomcat-9.0.80\webapps\manager]
24-Sep-2025 08:48:11.015 信息 [main] org.apache.catalina.startup.HostConfig.deployDirectory Web应用程序目录[G:\01_Master\04_Update\大四下学期\campusHelp\apache-tomcat-9.0.80\webapps\manager]的部署已在[69]毫秒内完成
24-Sep-2025 08:48:11.017 信息 [main] org.apache.catalina.startup.HostConfig.deployDirectory 把web 应用程序部署到目录 [G:\01_Master\04_Update\大四下学期\campusHelp\apache-tomcat-9.0.80\webapps\ROOT]
24-Sep-2025 08:48:11.055 信息 [main] org.apache.catalina.startup.HostConfig.deployDirectory Web应用程序目录[G:\01_Master\04_Update\大四下学期\campusHelp\apache-tomcat-9.0.80\webapps\ROOT]的部署已在[38]毫秒内完成
24-Sep-2025 08:48:11.059 信息 [main] org.apache.catalina.startup.Catalina.start [4940]毫秒后服务器启动
24-Sep-2025 08:48:11.069 严重 [main] org.apache.catalina.core.StandardServer.await 无法在地址[localhost]和端口[8005]上创建服务器关闭套接字（基本端口[8005]和偏移量[0]）
	java.net.BindException: Address already in use: bind
		at java.base/sun.nio.ch.Net.bind0(Native Method)
		at java.base/sun.nio.ch.Net.bind(Net.java:565)
		at java.base/sun.nio.ch.Net.bind(Net.java:554)
		at java.base/sun.nio.ch.NioSocketImpl.bind(NioSocketImpl.java:636)
		at java.base/java.net.ServerSocket.bind(ServerSocket.java:391)
		at java.base/java.net.ServerSocket.<init>(ServerSocket.java:278)
		at org.apache.catalina.core.StandardServer.await(StandardServer.java:582)
		at org.apache.catalina.startup.Catalina.await(Catalina.java:864)
		at org.apache.catalina.startup.Catalina.start(Catalina.java:810)
		at java.base/jdk.internal.reflect.DirectMethodHandleAccessor.invoke(DirectMethodHandleAccessor.java:103)
		at java.base/java.lang.reflect.Method.invoke(Method.java:580)
		at org.apache.catalina.startup.Bootstrap.start(Bootstrap.java:347)
		at org.apache.catalina.startup.Bootstrap.main(Bootstrap.java:478)
24-Sep-2025 08:48:11.069 信息 [main] org.apache.coyote.AbstractProtocol.pause 暂停ProtocolHandler["http-nio-8080"]
24-Sep-2025 08:48:11.069 信息 [main] org.apache.catalina.core.StandardService.stopInternal 正在停止服务[Catalina]
24-Sep-2025 08:48:11.088 信息 [main] org.apache.coyote.AbstractProtocol.stop 正在停止ProtocolHandler ["http-nio-8080"]
24-Sep-2025 08:48:11.090 信息 [main] org.apache.coyote.AbstractProtocol.destroy 正在摧毁协议处理器 ["http-nio-8080"]
24-Sep-2025 08:52:47.743 信息 [main] org.apache.catalina.startup.VersionLoggerListener.log Server.服务器版本: Apache Tomcat/9.0.80
24-Sep-2025 08:52:47.751 信息 [main] org.apache.catalina.startup.VersionLoggerListener.log 服务器构建:        Aug 23 2023 21:59:38 UTC
24-Sep-2025 08:52:47.752 信息 [main] org.apache.catalina.startup.VersionLoggerListener.log 服务器版本号:      9.0.80.0
24-Sep-2025 08:52:47.752 信息 [main] org.apache.catalina.startup.VersionLoggerListener.log 操作系统名称:      Windows 11
24-Sep-2025 08:52:47.753 信息 [main] org.apache.catalina.startup.VersionLoggerListener.log OS.版本:           10.0
24-Sep-2025 08:52:47.753 信息 [main] org.apache.catalina.startup.VersionLoggerListener.log 架构:              amd64
24-Sep-2025 08:52:47.753 信息 [main] org.apache.catalina.startup.VersionLoggerListener.log Java 环境变量:     C:\Program Files\Java\jdk-21
24-Sep-2025 08:52:47.753 信息 [main] org.apache.catalina.startup.VersionLoggerListener.log Java虚拟机版本:    21.0.2+13-LTS-58
24-Sep-2025 08:52:47.754 信息 [main] org.apache.catalina.startup.VersionLoggerListener.log JVM.供应商:        Oracle Corporation
24-Sep-2025 08:52:47.754 信息 [main] org.apache.catalina.startup.VersionLoggerListener.log CATALINA_BASE:     G:\01_Master\04_Update\大四下学期\campusHelp\apache-tomcat-9.0.80
24-Sep-2025 08:52:47.754 信息 [main] org.apache.catalina.startup.VersionLoggerListener.log CATALINA_HOME:     G:\01_Master\04_Update\大四下学期\campusHelp\apache-tomcat-9.0.80
24-Sep-2025 08:52:47.767 信息 [main] org.apache.catalina.startup.VersionLoggerListener.log 命令行参数：       --add-opens=java.base/java.lang=ALL-UNNAMED
24-Sep-2025 08:52:47.767 信息 [main] org.apache.catalina.startup.VersionLoggerListener.log 命令行参数：       --add-opens=java.base/java.io=ALL-UNNAMED
24-Sep-2025 08:52:47.767 信息 [main] org.apache.catalina.startup.VersionLoggerListener.log 命令行参数：       --add-opens=java.base/java.util=ALL-UNNAMED
24-Sep-2025 08:52:47.768 信息 [main] org.apache.catalina.startup.VersionLoggerListener.log 命令行参数：       --add-opens=java.base/java.util.concurrent=ALL-UNNAMED
24-Sep-2025 08:52:47.768 信息 [main] org.apache.catalina.startup.VersionLoggerListener.log 命令行参数：       --add-opens=java.rmi/sun.rmi.transport=ALL-UNNAMED
24-Sep-2025 08:52:47.768 信息 [main] org.apache.catalina.startup.VersionLoggerListener.log 命令行参数：       -Djava.util.logging.config.file=G:\01_Master\04_Update\大四下学期\campusHelp\apache-tomcat-9.0.80\conf\logging.properties
24-Sep-2025 08:52:47.768 信息 [main] org.apache.catalina.startup.VersionLoggerListener.log 命令行参数：       -Djava.util.logging.manager=org.apache.juli.ClassLoaderLogManager
24-Sep-2025 08:52:47.769 信息 [main] org.apache.catalina.startup.VersionLoggerListener.log 命令行参数：       -Djdk.tls.ephemeralDHKeySize=2048
24-Sep-2025 08:52:47.769 信息 [main] org.apache.catalina.startup.VersionLoggerListener.log 命令行参数：       -Djava.protocol.handler.pkgs=org.apache.catalina.webresources
24-Sep-2025 08:52:47.769 信息 [main] org.apache.catalina.startup.VersionLoggerListener.log 命令行参数：       -Dignore.endorsed.dirs=
24-Sep-2025 08:52:47.769 信息 [main] org.apache.catalina.startup.VersionLoggerListener.log 命令行参数：       -Dcatalina.base=G:\01_Master\04_Update\大四下学期\campusHelp\apache-tomcat-9.0.80
24-Sep-2025 08:52:47.771 信息 [main] org.apache.catalina.startup.VersionLoggerListener.log 命令行参数：       -Dcatalina.home=G:\01_Master\04_Update\大四下学期\campusHelp\apache-tomcat-9.0.80
24-Sep-2025 08:52:47.771 信息 [main] org.apache.catalina.startup.VersionLoggerListener.log 命令行参数：       -Djava.io.tmpdir=F:\Java\tomcat8\tomcat8\temp
24-Sep-2025 08:52:47.775 信息 [main] org.apache.catalina.core.AprLifecycleListener.lifecycleEvent 使用APR版本[1.7.4]加载了基于APR的Apache Tomcat本机库[1.2.38]。
24-Sep-2025 08:52:47.775 信息 [main] org.apache.catalina.core.AprLifecycleListener.lifecycleEvent APR功能：IPv6[true]、sendfile[true]、accept filters[false]、random[true]、UDS [true]。
24-Sep-2025 08:52:47.775 信息 [main] org.apache.catalina.core.AprLifecycleListener.lifecycleEvent APR/OpenSSL配置：useAprConnector[false]，useOpenSSL[true]
24-Sep-2025 08:52:47.783 信息 [main] org.apache.catalina.core.AprLifecycleListener.initializeSSL OpenSSL成功初始化 [OpenSSL 1.1.1v  1 Aug 2023]
24-Sep-2025 08:52:48.104 信息 [main] org.apache.coyote.AbstractProtocol.init 初始化协议处理器 ["http-nio-8080"]
24-Sep-2025 08:52:48.130 严重 [main] org.apache.catalina.util.LifecycleBase.handleSubClassException 初始化组件[Connector["http-nio-8080"]]失败。
	org.apache.catalina.LifecycleException: 协议处理程序初始化失败
		at org.apache.catalina.connector.Connector.initInternal(Connector.java:1011)
		at org.apache.catalina.util.LifecycleBase.init(LifecycleBase.java:127)
		at org.apache.catalina.core.StandardService.initInternal(StandardService.java:554)
		at org.apache.catalina.util.LifecycleBase.init(LifecycleBase.java:127)
		at org.apache.catalina.core.StandardServer.initInternal(StandardServer.java:1040)
		at org.apache.catalina.util.LifecycleBase.init(LifecycleBase.java:127)
		at org.apache.catalina.startup.Catalina.load(Catalina.java:724)
		at org.apache.catalina.startup.Catalina.load(Catalina.java:746)
		at java.base/jdk.internal.reflect.DirectMethodHandleAccessor.invoke(DirectMethodHandleAccessor.java:103)
		at java.base/java.lang.reflect.Method.invoke(Method.java:580)
		at org.apache.catalina.startup.Bootstrap.load(Bootstrap.java:307)
		at org.apache.catalina.startup.Bootstrap.main(Bootstrap.java:477)
	Caused by: java.net.BindException: Address already in use: bind
		at java.base/sun.nio.ch.Net.bind0(Native Method)
		at java.base/sun.nio.ch.Net.bind(Net.java:565)
		at java.base/sun.nio.ch.ServerSocketChannelImpl.netBind(ServerSocketChannelImpl.java:344)
		at java.base/sun.nio.ch.ServerSocketChannelImpl.bind(ServerSocketChannelImpl.java:301)
		at org.apache.tomcat.util.net.NioEndpoint.initServerSocket(NioEndpoint.java:276)
		at org.apache.tomcat.util.net.NioEndpoint.bind(NioEndpoint.java:231)
		at org.apache.tomcat.util.net.AbstractEndpoint.bindWithCleanup(AbstractEndpoint.java:1324)
		at org.apache.tomcat.util.net.AbstractEndpoint.init(AbstractEndpoint.java:1337)
		at org.apache.coyote.AbstractProtocol.init(AbstractProtocol.java:652)
		at org.apache.coyote.http11.AbstractHttp11Protocol.init(AbstractHttp11Protocol.java:75)
		at org.apache.catalina.connector.Connector.initInternal(Connector.java:1009)
		... 11 more
24-Sep-2025 08:52:48.135 信息 [main] org.apache.catalina.startup.Catalina.load 服务器在[656]毫秒内初始化
24-Sep-2025 08:52:48.206 信息 [main] org.apache.catalina.core.StandardService.startInternal 正在启动服务[Catalina]
24-Sep-2025 08:52:48.207 信息 [main] org.apache.catalina.core.StandardEngine.startInternal 正在启动 Servlet 引擎：[Apache Tomcat/9.0.80]
24-Sep-2025 08:52:48.223 信息 [main] org.apache.catalina.startup.HostConfig.deployDirectory 把web 应用程序部署到目录 [G:\01_Master\04_Update\大四下学期\campusHelp\apache-tomcat-9.0.80\webapps\campusHelp]
24-Sep-2025 08:52:51.685 信息 [main] org.apache.jasper.servlet.TldScanner.scanJars 至少有一个JAR被扫描用于TLD但尚未包含TLD。 为此记录器启用调试日志记录，以获取已扫描但未在其中找到TLD的完整JAR列表。 在扫描期间跳过不需要的JAR可以缩短启动时间和JSP编译时间。
24-Sep-2025 08:52:52.220 信息 [main] org.apache.catalina.startup.HostConfig.deployDirectory Web应用程序目录[G:\01_Master\04_Update\大四下学期\campusHelp\apache-tomcat-9.0.80\webapps\campusHelp]的部署已在[3,991]毫秒内完成
24-Sep-2025 08:52:52.220 信息 [main] org.apache.catalina.startup.HostConfig.deployDirectory 把web 应用程序部署到目录 [G:\01_Master\04_Update\大四下学期\campusHelp\apache-tomcat-9.0.80\webapps\docs]
24-Sep-2025 08:52:52.279 信息 [main] org.apache.catalina.startup.HostConfig.deployDirectory Web应用程序目录[G:\01_Master\04_Update\大四下学期\campusHelp\apache-tomcat-9.0.80\webapps\docs]的部署已在[58]毫秒内完成
24-Sep-2025 08:52:52.279 信息 [main] org.apache.catalina.startup.HostConfig.deployDirectory 把web 应用程序部署到目录 [G:\01_Master\04_Update\大四下学期\campusHelp\apache-tomcat-9.0.80\webapps\examples]
24-Sep-2025 08:52:52.918 信息 [main] org.apache.catalina.startup.HostConfig.deployDirectory Web应用程序目录[G:\01_Master\04_Update\大四下学期\campusHelp\apache-tomcat-9.0.80\webapps\examples]的部署已在[639]毫秒内完成
24-Sep-2025 08:52:52.919 信息 [main] org.apache.catalina.startup.HostConfig.deployDirectory 把web 应用程序部署到目录 [G:\01_Master\04_Update\大四下学期\campusHelp\apache-tomcat-9.0.80\webapps\host-manager]
24-Sep-2025 08:52:52.977 信息 [main] org.apache.catalina.startup.HostConfig.deployDirectory Web应用程序目录[G:\01_Master\04_Update\大四下学期\campusHelp\apache-tomcat-9.0.80\webapps\host-manager]的部署已在[58]毫秒内完成
24-Sep-2025 08:52:52.979 信息 [main] org.apache.catalina.startup.HostConfig.deployDirectory 把web 应用程序部署到目录 [G:\01_Master\04_Update\大四下学期\campusHelp\apache-tomcat-9.0.80\webapps\manager]
24-Sep-2025 08:52:53.044 信息 [main] org.apache.catalina.startup.HostConfig.deployDirectory Web应用程序目录[G:\01_Master\04_Update\大四下学期\campusHelp\apache-tomcat-9.0.80\webapps\manager]的部署已在[65]毫秒内完成
24-Sep-2025 08:52:53.044 信息 [main] org.apache.catalina.startup.HostConfig.deployDirectory 把web 应用程序部署到目录 [G:\01_Master\04_Update\大四下学期\campusHelp\apache-tomcat-9.0.80\webapps\ROOT]
24-Sep-2025 08:52:53.080 信息 [main] org.apache.catalina.startup.HostConfig.deployDirectory Web应用程序目录[G:\01_Master\04_Update\大四下学期\campusHelp\apache-tomcat-9.0.80\webapps\ROOT]的部署已在[36]毫秒内完成
24-Sep-2025 08:52:53.084 信息 [main] org.apache.catalina.startup.Catalina.start [4946]毫秒后服务器启动
24-Sep-2025 08:52:53.090 严重 [main] org.apache.catalina.core.StandardServer.await 无法在地址[localhost]和端口[8005]上创建服务器关闭套接字（基本端口[8005]和偏移量[0]）
	java.net.BindException: Address already in use: bind
		at java.base/sun.nio.ch.Net.bind0(Native Method)
		at java.base/sun.nio.ch.Net.bind(Net.java:565)
		at java.base/sun.nio.ch.Net.bind(Net.java:554)
		at java.base/sun.nio.ch.NioSocketImpl.bind(NioSocketImpl.java:636)
		at java.base/java.net.ServerSocket.bind(ServerSocket.java:391)
		at java.base/java.net.ServerSocket.<init>(ServerSocket.java:278)
		at org.apache.catalina.core.StandardServer.await(StandardServer.java:582)
		at org.apache.catalina.startup.Catalina.await(Catalina.java:864)
		at org.apache.catalina.startup.Catalina.start(Catalina.java:810)
		at java.base/jdk.internal.reflect.DirectMethodHandleAccessor.invoke(DirectMethodHandleAccessor.java:103)
		at java.base/java.lang.reflect.Method.invoke(Method.java:580)
		at org.apache.catalina.startup.Bootstrap.start(Bootstrap.java:347)
		at org.apache.catalina.startup.Bootstrap.main(Bootstrap.java:478)
24-Sep-2025 08:52:53.090 信息 [main] org.apache.coyote.AbstractProtocol.pause 暂停ProtocolHandler["http-nio-8080"]
24-Sep-2025 08:52:53.095 信息 [main] org.apache.catalina.core.StandardService.stopInternal 正在停止服务[Catalina]
24-Sep-2025 08:52:53.120 信息 [main] org.apache.coyote.AbstractProtocol.stop 正在停止ProtocolHandler ["http-nio-8080"]
24-Sep-2025 08:52:53.122 信息 [main] org.apache.coyote.AbstractProtocol.destroy 正在摧毁协议处理器 ["http-nio-8080"]
24-Sep-2025 08:55:34.218 信息 [main] org.apache.catalina.startup.VersionLoggerListener.log Server.服务器版本: Apache Tomcat/9.0.80
24-Sep-2025 08:55:34.223 信息 [main] org.apache.catalina.startup.VersionLoggerListener.log 服务器构建:        Aug 23 2023 21:59:38 UTC
24-Sep-2025 08:55:34.224 信息 [main] org.apache.catalina.startup.VersionLoggerListener.log 服务器版本号:      9.0.80.0
24-Sep-2025 08:55:34.224 信息 [main] org.apache.catalina.startup.VersionLoggerListener.log 操作系统名称:      Windows 11
24-Sep-2025 08:55:34.224 信息 [main] org.apache.catalina.startup.VersionLoggerListener.log OS.版本:           10.0
24-Sep-2025 08:55:34.224 信息 [main] org.apache.catalina.startup.VersionLoggerListener.log 架构:              amd64
24-Sep-2025 08:55:34.225 信息 [main] org.apache.catalina.startup.VersionLoggerListener.log Java 环境变量:     C:\Program Files\Java\jdk-21
24-Sep-2025 08:55:34.225 信息 [main] org.apache.catalina.startup.VersionLoggerListener.log Java虚拟机版本:    21.0.2+13-LTS-58
24-Sep-2025 08:55:34.225 信息 [main] org.apache.catalina.startup.VersionLoggerListener.log JVM.供应商:        Oracle Corporation
24-Sep-2025 08:55:34.225 信息 [main] org.apache.catalina.startup.VersionLoggerListener.log CATALINA_BASE:     G:\01_Master\04_Update\大四下学期\campusHelp\apache-tomcat-9.0.80
24-Sep-2025 08:55:34.225 信息 [main] org.apache.catalina.startup.VersionLoggerListener.log CATALINA_HOME:     G:\01_Master\04_Update\大四下学期\campusHelp\apache-tomcat-9.0.80
24-Sep-2025 08:55:34.233 信息 [main] org.apache.catalina.startup.VersionLoggerListener.log 命令行参数：       --add-opens=java.base/java.lang=ALL-UNNAMED
24-Sep-2025 08:55:34.233 信息 [main] org.apache.catalina.startup.VersionLoggerListener.log 命令行参数：       --add-opens=java.base/java.io=ALL-UNNAMED
24-Sep-2025 08:55:34.233 信息 [main] org.apache.catalina.startup.VersionLoggerListener.log 命令行参数：       --add-opens=java.base/java.util=ALL-UNNAMED
24-Sep-2025 08:55:34.233 信息 [main] org.apache.catalina.startup.VersionLoggerListener.log 命令行参数：       --add-opens=java.base/java.util.concurrent=ALL-UNNAMED
24-Sep-2025 08:55:34.233 信息 [main] org.apache.catalina.startup.VersionLoggerListener.log 命令行参数：       --add-opens=java.rmi/sun.rmi.transport=ALL-UNNAMED
24-Sep-2025 08:55:34.233 信息 [main] org.apache.catalina.startup.VersionLoggerListener.log 命令行参数：       -Djava.util.logging.config.file=G:\01_Master\04_Update\大四下学期\campusHelp\apache-tomcat-9.0.80\conf\logging.properties
24-Sep-2025 08:55:34.233 信息 [main] org.apache.catalina.startup.VersionLoggerListener.log 命令行参数：       -Djava.util.logging.manager=org.apache.juli.ClassLoaderLogManager
24-Sep-2025 08:55:34.233 信息 [main] org.apache.catalina.startup.VersionLoggerListener.log 命令行参数：       -Djdk.tls.ephemeralDHKeySize=2048
24-Sep-2025 08:55:34.233 信息 [main] org.apache.catalina.startup.VersionLoggerListener.log 命令行参数：       -Djava.protocol.handler.pkgs=org.apache.catalina.webresources
24-Sep-2025 08:55:34.233 信息 [main] org.apache.catalina.startup.VersionLoggerListener.log 命令行参数：       -Dignore.endorsed.dirs=
24-Sep-2025 08:55:34.233 信息 [main] org.apache.catalina.startup.VersionLoggerListener.log 命令行参数：       -Dcatalina.base=G:\01_Master\04_Update\大四下学期\campusHelp\apache-tomcat-9.0.80
24-Sep-2025 08:55:34.233 信息 [main] org.apache.catalina.startup.VersionLoggerListener.log 命令行参数：       -Dcatalina.home=G:\01_Master\04_Update\大四下学期\campusHelp\apache-tomcat-9.0.80
24-Sep-2025 08:55:34.233 信息 [main] org.apache.catalina.startup.VersionLoggerListener.log 命令行参数：       -Djava.io.tmpdir=F:\Java\tomcat8\tomcat8\temp
24-Sep-2025 08:55:34.239 信息 [main] org.apache.catalina.core.AprLifecycleListener.lifecycleEvent 使用APR版本[1.7.4]加载了基于APR的Apache Tomcat本机库[1.2.38]。
24-Sep-2025 08:55:34.239 信息 [main] org.apache.catalina.core.AprLifecycleListener.lifecycleEvent APR功能：IPv6[true]、sendfile[true]、accept filters[false]、random[true]、UDS [true]。
24-Sep-2025 08:55:34.239 信息 [main] org.apache.catalina.core.AprLifecycleListener.lifecycleEvent APR/OpenSSL配置：useAprConnector[false]，useOpenSSL[true]
24-Sep-2025 08:55:34.247 信息 [main] org.apache.catalina.core.AprLifecycleListener.initializeSSL OpenSSL成功初始化 [OpenSSL 1.1.1v  1 Aug 2023]
24-Sep-2025 08:55:34.545 信息 [main] org.apache.coyote.AbstractProtocol.init 初始化协议处理器 ["http-nio-8080"]
24-Sep-2025 08:55:34.566 严重 [main] org.apache.catalina.util.LifecycleBase.handleSubClassException 初始化组件[Connector["http-nio-8080"]]失败。
	org.apache.catalina.LifecycleException: 协议处理程序初始化失败
		at org.apache.catalina.connector.Connector.initInternal(Connector.java:1011)
		at org.apache.catalina.util.LifecycleBase.init(LifecycleBase.java:127)
		at org.apache.catalina.core.StandardService.initInternal(StandardService.java:554)
		at org.apache.catalina.util.LifecycleBase.init(LifecycleBase.java:127)
		at org.apache.catalina.core.StandardServer.initInternal(StandardServer.java:1040)
		at org.apache.catalina.util.LifecycleBase.init(LifecycleBase.java:127)
		at org.apache.catalina.startup.Catalina.load(Catalina.java:724)
		at org.apache.catalina.startup.Catalina.load(Catalina.java:746)
		at java.base/jdk.internal.reflect.DirectMethodHandleAccessor.invoke(DirectMethodHandleAccessor.java:103)
		at java.base/java.lang.reflect.Method.invoke(Method.java:580)
		at org.apache.catalina.startup.Bootstrap.load(Bootstrap.java:307)
		at org.apache.catalina.startup.Bootstrap.main(Bootstrap.java:477)
	Caused by: java.net.BindException: Address already in use: bind
		at java.base/sun.nio.ch.Net.bind0(Native Method)
		at java.base/sun.nio.ch.Net.bind(Net.java:565)
		at java.base/sun.nio.ch.ServerSocketChannelImpl.netBind(ServerSocketChannelImpl.java:344)
		at java.base/sun.nio.ch.ServerSocketChannelImpl.bind(ServerSocketChannelImpl.java:301)
		at org.apache.tomcat.util.net.NioEndpoint.initServerSocket(NioEndpoint.java:276)
		at org.apache.tomcat.util.net.NioEndpoint.bind(NioEndpoint.java:231)
		at org.apache.tomcat.util.net.AbstractEndpoint.bindWithCleanup(AbstractEndpoint.java:1324)
		at org.apache.tomcat.util.net.AbstractEndpoint.init(AbstractEndpoint.java:1337)
		at org.apache.coyote.AbstractProtocol.init(AbstractProtocol.java:652)
		at org.apache.coyote.http11.AbstractHttp11Protocol.init(AbstractHttp11Protocol.java:75)
		at org.apache.catalina.connector.Connector.initInternal(Connector.java:1009)
		... 11 more
24-Sep-2025 08:55:34.568 信息 [main] org.apache.catalina.startup.Catalina.load 服务器在[590]毫秒内初始化
24-Sep-2025 08:55:34.620 信息 [main] org.apache.catalina.core.StandardService.startInternal 正在启动服务[Catalina]
24-Sep-2025 08:55:34.620 信息 [main] org.apache.catalina.core.StandardEngine.startInternal 正在启动 Servlet 引擎：[Apache Tomcat/9.0.80]
24-Sep-2025 08:55:34.627 信息 [main] org.apache.catalina.startup.HostConfig.deployDirectory 把web 应用程序部署到目录 [G:\01_Master\04_Update\大四下学期\campusHelp\apache-tomcat-9.0.80\webapps\campusHelp]
24-Sep-2025 08:55:38.154 信息 [main] org.apache.jasper.servlet.TldScanner.scanJars 至少有一个JAR被扫描用于TLD但尚未包含TLD。 为此记录器启用调试日志记录，以获取已扫描但未在其中找到TLD的完整JAR列表。 在扫描期间跳过不需要的JAR可以缩短启动时间和JSP编译时间。
24-Sep-2025 08:55:38.630 信息 [main] org.apache.catalina.startup.HostConfig.deployDirectory Web应用程序目录[G:\01_Master\04_Update\大四下学期\campusHelp\apache-tomcat-9.0.80\webapps\campusHelp]的部署已在[4,003]毫秒内完成
24-Sep-2025 08:55:38.630 信息 [main] org.apache.catalina.startup.HostConfig.deployDirectory 把web 应用程序部署到目录 [G:\01_Master\04_Update\大四下学期\campusHelp\apache-tomcat-9.0.80\webapps\docs]
24-Sep-2025 08:55:38.682 信息 [main] org.apache.catalina.startup.HostConfig.deployDirectory Web应用程序目录[G:\01_Master\04_Update\大四下学期\campusHelp\apache-tomcat-9.0.80\webapps\docs]的部署已在[52]毫秒内完成
24-Sep-2025 08:55:38.682 信息 [main] org.apache.catalina.startup.HostConfig.deployDirectory 把web 应用程序部署到目录 [G:\01_Master\04_Update\大四下学期\campusHelp\apache-tomcat-9.0.80\webapps\examples]
24-Sep-2025 08:55:39.303 信息 [main] org.apache.catalina.startup.HostConfig.deployDirectory Web应用程序目录[G:\01_Master\04_Update\大四下学期\campusHelp\apache-tomcat-9.0.80\webapps\examples]的部署已在[621]毫秒内完成
24-Sep-2025 08:55:39.304 信息 [main] org.apache.catalina.startup.HostConfig.deployDirectory 把web 应用程序部署到目录 [G:\01_Master\04_Update\大四下学期\campusHelp\apache-tomcat-9.0.80\webapps\host-manager]
24-Sep-2025 08:55:39.384 信息 [main] org.apache.catalina.startup.HostConfig.deployDirectory Web应用程序目录[G:\01_Master\04_Update\大四下学期\campusHelp\apache-tomcat-9.0.80\webapps\host-manager]的部署已在[80]毫秒内完成
24-Sep-2025 08:55:39.385 信息 [main] org.apache.catalina.startup.HostConfig.deployDirectory 把web 应用程序部署到目录 [G:\01_Master\04_Update\大四下学期\campusHelp\apache-tomcat-9.0.80\webapps\manager]
24-Sep-2025 08:55:39.453 信息 [main] org.apache.catalina.startup.HostConfig.deployDirectory Web应用程序目录[G:\01_Master\04_Update\大四下学期\campusHelp\apache-tomcat-9.0.80\webapps\manager]的部署已在[68]毫秒内完成
24-Sep-2025 08:55:39.453 信息 [main] org.apache.catalina.startup.HostConfig.deployDirectory 把web 应用程序部署到目录 [G:\01_Master\04_Update\大四下学期\campusHelp\apache-tomcat-9.0.80\webapps\ROOT]
24-Sep-2025 08:55:39.493 信息 [main] org.apache.catalina.startup.HostConfig.deployDirectory Web应用程序目录[G:\01_Master\04_Update\大四下学期\campusHelp\apache-tomcat-9.0.80\webapps\ROOT]的部署已在[40]毫秒内完成
24-Sep-2025 08:55:39.494 信息 [main] org.apache.catalina.startup.Catalina.start [4927]毫秒后服务器启动
24-Sep-2025 08:55:39.504 严重 [main] org.apache.catalina.core.StandardServer.await 无法在地址[localhost]和端口[8005]上创建服务器关闭套接字（基本端口[8005]和偏移量[0]）
	java.net.BindException: Address already in use: bind
		at java.base/sun.nio.ch.Net.bind0(Native Method)
		at java.base/sun.nio.ch.Net.bind(Net.java:565)
		at java.base/sun.nio.ch.Net.bind(Net.java:554)
		at java.base/sun.nio.ch.NioSocketImpl.bind(NioSocketImpl.java:636)
		at java.base/java.net.ServerSocket.bind(ServerSocket.java:391)
		at java.base/java.net.ServerSocket.<init>(ServerSocket.java:278)
		at org.apache.catalina.core.StandardServer.await(StandardServer.java:582)
		at org.apache.catalina.startup.Catalina.await(Catalina.java:864)
		at org.apache.catalina.startup.Catalina.start(Catalina.java:810)
		at java.base/jdk.internal.reflect.DirectMethodHandleAccessor.invoke(DirectMethodHandleAccessor.java:103)
		at java.base/java.lang.reflect.Method.invoke(Method.java:580)
		at org.apache.catalina.startup.Bootstrap.start(Bootstrap.java:347)
		at org.apache.catalina.startup.Bootstrap.main(Bootstrap.java:478)
24-Sep-2025 08:55:39.505 信息 [main] org.apache.coyote.AbstractProtocol.pause 暂停ProtocolHandler["http-nio-8080"]
24-Sep-2025 08:55:39.505 信息 [main] org.apache.catalina.core.StandardService.stopInternal 正在停止服务[Catalina]
24-Sep-2025 08:55:39.515 信息 [main] org.apache.coyote.AbstractProtocol.stop 正在停止ProtocolHandler ["http-nio-8080"]
24-Sep-2025 08:55:39.515 信息 [main] org.apache.coyote.AbstractProtocol.destroy 正在摧毁协议处理器 ["http-nio-8080"]
24-Sep-2025 09:04:43.128 信息 [main] org.apache.catalina.startup.VersionLoggerListener.log Server.服务器版本: Apache Tomcat/9.0.80
24-Sep-2025 09:04:43.134 信息 [main] org.apache.catalina.startup.VersionLoggerListener.log 服务器构建:        Aug 23 2023 21:59:38 UTC
24-Sep-2025 09:04:43.134 信息 [main] org.apache.catalina.startup.VersionLoggerListener.log 服务器版本号:      9.0.80.0
24-Sep-2025 09:04:43.135 信息 [main] org.apache.catalina.startup.VersionLoggerListener.log 操作系统名称:      Windows 11
24-Sep-2025 09:04:43.135 信息 [main] org.apache.catalina.startup.VersionLoggerListener.log OS.版本:           10.0
24-Sep-2025 09:04:43.135 信息 [main] org.apache.catalina.startup.VersionLoggerListener.log 架构:              amd64
24-Sep-2025 09:04:43.135 信息 [main] org.apache.catalina.startup.VersionLoggerListener.log Java 环境变量:     C:\Program Files\Java\jdk-21
24-Sep-2025 09:04:43.136 信息 [main] org.apache.catalina.startup.VersionLoggerListener.log Java虚拟机版本:    21.0.2+13-LTS-58
24-Sep-2025 09:04:43.136 信息 [main] org.apache.catalina.startup.VersionLoggerListener.log JVM.供应商:        Oracle Corporation
24-Sep-2025 09:04:43.137 信息 [main] org.apache.catalina.startup.VersionLoggerListener.log CATALINA_BASE:     G:\01_Master\04_Update\大四下学期\campusHelp\apache-tomcat-9.0.80
24-Sep-2025 09:04:43.137 信息 [main] org.apache.catalina.startup.VersionLoggerListener.log CATALINA_HOME:     G:\01_Master\04_Update\大四下学期\campusHelp\apache-tomcat-9.0.80
24-Sep-2025 09:04:43.152 信息 [main] org.apache.catalina.startup.VersionLoggerListener.log 命令行参数：       --add-opens=java.base/java.lang=ALL-UNNAMED
24-Sep-2025 09:04:43.153 信息 [main] org.apache.catalina.startup.VersionLoggerListener.log 命令行参数：       --add-opens=java.base/java.io=ALL-UNNAMED
24-Sep-2025 09:04:43.153 信息 [main] org.apache.catalina.startup.VersionLoggerListener.log 命令行参数：       --add-opens=java.base/java.util=ALL-UNNAMED
24-Sep-2025 09:04:43.153 信息 [main] org.apache.catalina.startup.VersionLoggerListener.log 命令行参数：       --add-opens=java.base/java.util.concurrent=ALL-UNNAMED
24-Sep-2025 09:04:43.154 信息 [main] org.apache.catalina.startup.VersionLoggerListener.log 命令行参数：       --add-opens=java.rmi/sun.rmi.transport=ALL-UNNAMED
24-Sep-2025 09:04:43.154 信息 [main] org.apache.catalina.startup.VersionLoggerListener.log 命令行参数：       -Djava.util.logging.config.file=G:\01_Master\04_Update\大四下学期\campusHelp\apache-tomcat-9.0.80\conf\logging.properties
24-Sep-2025 09:04:43.154 信息 [main] org.apache.catalina.startup.VersionLoggerListener.log 命令行参数：       -Djava.util.logging.manager=org.apache.juli.ClassLoaderLogManager
24-Sep-2025 09:04:43.154 信息 [main] org.apache.catalina.startup.VersionLoggerListener.log 命令行参数：       -Djdk.tls.ephemeralDHKeySize=2048
24-Sep-2025 09:04:43.155 信息 [main] org.apache.catalina.startup.VersionLoggerListener.log 命令行参数：       -Djava.protocol.handler.pkgs=org.apache.catalina.webresources
24-Sep-2025 09:04:43.155 信息 [main] org.apache.catalina.startup.VersionLoggerListener.log 命令行参数：       -Dignore.endorsed.dirs=
24-Sep-2025 09:04:43.155 信息 [main] org.apache.catalina.startup.VersionLoggerListener.log 命令行参数：       -Dcatalina.base=G:\01_Master\04_Update\大四下学期\campusHelp\apache-tomcat-9.0.80
24-Sep-2025 09:04:43.155 信息 [main] org.apache.catalina.startup.VersionLoggerListener.log 命令行参数：       -Dcatalina.home=G:\01_Master\04_Update\大四下学期\campusHelp\apache-tomcat-9.0.80
24-Sep-2025 09:04:43.156 信息 [main] org.apache.catalina.startup.VersionLoggerListener.log 命令行参数：       -Djava.io.tmpdir=F:\Java\tomcat8\tomcat8\temp
24-Sep-2025 09:04:43.161 信息 [main] org.apache.catalina.core.AprLifecycleListener.lifecycleEvent 使用APR版本[1.7.4]加载了基于APR的Apache Tomcat本机库[1.2.38]。
24-Sep-2025 09:04:43.161 信息 [main] org.apache.catalina.core.AprLifecycleListener.lifecycleEvent APR功能：IPv6[true]、sendfile[true]、accept filters[false]、random[true]、UDS [true]。
24-Sep-2025 09:04:43.161 信息 [main] org.apache.catalina.core.AprLifecycleListener.lifecycleEvent APR/OpenSSL配置：useAprConnector[false]，useOpenSSL[true]
24-Sep-2025 09:04:43.167 信息 [main] org.apache.catalina.core.AprLifecycleListener.initializeSSL OpenSSL成功初始化 [OpenSSL 1.1.1v  1 Aug 2023]
24-Sep-2025 09:04:43.499 信息 [main] org.apache.coyote.AbstractProtocol.init 初始化协议处理器 ["http-nio-8080"]
24-Sep-2025 09:04:43.527 信息 [main] org.apache.catalina.startup.Catalina.load 服务器在[639]毫秒内初始化
24-Sep-2025 09:04:43.582 信息 [main] org.apache.catalina.core.StandardService.startInternal 正在启动服务[Catalina]
24-Sep-2025 09:04:43.582 信息 [main] org.apache.catalina.core.StandardEngine.startInternal 正在启动 Servlet 引擎：[Apache Tomcat/9.0.80]
24-Sep-2025 09:04:43.590 信息 [main] org.apache.catalina.startup.HostConfig.deployDirectory 把web 应用程序部署到目录 [G:\01_Master\04_Update\大四下学期\campusHelp\apache-tomcat-9.0.80\webapps\campusHelp]
24-Sep-2025 09:04:47.020 信息 [main] org.apache.jasper.servlet.TldScanner.scanJars 至少有一个JAR被扫描用于TLD但尚未包含TLD。 为此记录器启用调试日志记录，以获取已扫描但未在其中找到TLD的完整JAR列表。 在扫描期间跳过不需要的JAR可以缩短启动时间和JSP编译时间。
24-Sep-2025 09:04:47.527 信息 [main] org.apache.catalina.startup.HostConfig.deployDirectory Web应用程序目录[G:\01_Master\04_Update\大四下学期\campusHelp\apache-tomcat-9.0.80\webapps\campusHelp]的部署已在[3,937]毫秒内完成
24-Sep-2025 09:04:47.527 信息 [main] org.apache.catalina.startup.HostConfig.deployDirectory 把web 应用程序部署到目录 [G:\01_Master\04_Update\大四下学期\campusHelp\apache-tomcat-9.0.80\webapps\docs]
24-Sep-2025 09:04:47.583 信息 [main] org.apache.catalina.startup.HostConfig.deployDirectory Web应用程序目录[G:\01_Master\04_Update\大四下学期\campusHelp\apache-tomcat-9.0.80\webapps\docs]的部署已在[56]毫秒内完成
24-Sep-2025 09:04:47.584 信息 [main] org.apache.catalina.startup.HostConfig.deployDirectory 把web 应用程序部署到目录 [G:\01_Master\04_Update\大四下学期\campusHelp\apache-tomcat-9.0.80\webapps\examples]
24-Sep-2025 09:04:48.196 信息 [main] org.apache.catalina.startup.HostConfig.deployDirectory Web应用程序目录[G:\01_Master\04_Update\大四下学期\campusHelp\apache-tomcat-9.0.80\webapps\examples]的部署已在[612]毫秒内完成
24-Sep-2025 09:04:48.196 信息 [main] org.apache.catalina.startup.HostConfig.deployDirectory 把web 应用程序部署到目录 [G:\01_Master\04_Update\大四下学期\campusHelp\apache-tomcat-9.0.80\webapps\host-manager]
24-Sep-2025 09:04:48.260 信息 [main] org.apache.catalina.startup.HostConfig.deployDirectory Web应用程序目录[G:\01_Master\04_Update\大四下学期\campusHelp\apache-tomcat-9.0.80\webapps\host-manager]的部署已在[61]毫秒内完成
24-Sep-2025 09:04:48.260 信息 [main] org.apache.catalina.startup.HostConfig.deployDirectory 把web 应用程序部署到目录 [G:\01_Master\04_Update\大四下学期\campusHelp\apache-tomcat-9.0.80\webapps\manager]
24-Sep-2025 09:04:48.331 信息 [main] org.apache.catalina.startup.HostConfig.deployDirectory Web应用程序目录[G:\01_Master\04_Update\大四下学期\campusHelp\apache-tomcat-9.0.80\webapps\manager]的部署已在[71]毫秒内完成
24-Sep-2025 09:04:48.332 信息 [main] org.apache.catalina.startup.HostConfig.deployDirectory 把web 应用程序部署到目录 [G:\01_Master\04_Update\大四下学期\campusHelp\apache-tomcat-9.0.80\webapps\ROOT]
24-Sep-2025 09:04:48.371 信息 [main] org.apache.catalina.startup.HostConfig.deployDirectory Web应用程序目录[G:\01_Master\04_Update\大四下学期\campusHelp\apache-tomcat-9.0.80\webapps\ROOT]的部署已在[40]毫秒内完成
24-Sep-2025 09:04:48.376 信息 [main] org.apache.coyote.AbstractProtocol.start 开始协议处理句柄["http-nio-8080"]
24-Sep-2025 09:04:48.401 信息 [main] org.apache.catalina.startup.Catalina.start [4872]毫秒后服务器启动
24-Sep-2025 09:06:21.334 信息 [main] org.apache.catalina.core.StandardServer.await 通过关闭端口接收到有效的关闭命令。正在停止服务器实例。
24-Sep-2025 09:06:21.335 信息 [main] org.apache.coyote.AbstractProtocol.pause 暂停ProtocolHandler["http-nio-8080"]
24-Sep-2025 09:06:21.338 信息 [main] org.apache.catalina.core.StandardService.stopInternal 正在停止服务[Catalina]
24-Sep-2025 09:06:21.372 警告 [main] org.apache.catalina.loader.WebappClassLoaderBase.clearReferencesJdbc Web应用程序 [campusHelp] 注册了JDBC驱动程序 [com.mysql.cj.jdbc.Driver]，但在Web应用程序停止时无法注销它。 为防止内存泄漏，JDBC驱动程序已被强制取消注册。
24-Sep-2025 09:06:21.372 警告 [main] org.apache.catalina.loader.WebappClassLoaderBase.clearReferencesThreads Web应用程序[campusHelp]似乎启动了一个名为[mysql-cj-abandoned-connection-cleanup]的线程，但未能停止它。这很可能会造成内存泄漏。线程的堆栈跟踪：[
 java.base/jdk.internal.misc.Unsafe.park(Native Method)
 java.base/java.util.concurrent.locks.LockSupport.parkNanos(LockSupport.java:269)
 java.base/java.util.concurrent.locks.AbstractQueuedSynchronizer$ConditionObject.await(AbstractQueuedSynchronizer.java:1847)
 java.base/java.lang.ref.ReferenceQueue.await(ReferenceQueue.java:71)
 java.base/java.lang.ref.ReferenceQueue.remove0(ReferenceQueue.java:143)
 java.base/java.lang.ref.ReferenceQueue.remove(ReferenceQueue.java:218)
 com.mysql.cj.jdbc.AbandonedConnectionCleanupThread.run(AbandonedConnectionCleanupThread.java:91)
 java.base/java.util.concurrent.ThreadPoolExecutor.runWorker(ThreadPoolExecutor.java:1144)
 java.base/java.util.concurrent.ThreadPoolExecutor$Worker.run(ThreadPoolExecutor.java:642)
 java.base/java.lang.Thread.run(Thread.java:1583)]
24-Sep-2025 09:06:21.379 信息 [main] org.apache.coyote.AbstractProtocol.stop 正在停止ProtocolHandler ["http-nio-8080"]
24-Sep-2025 09:06:21.389 信息 [main] org.apache.coyote.AbstractProtocol.destroy 正在摧毁协议处理器 ["http-nio-8080"]
24-Sep-2025 09:06:34.016 信息 [main] org.apache.catalina.startup.VersionLoggerListener.log Server.服务器版本: Apache Tomcat/9.0.80
24-Sep-2025 09:06:34.022 信息 [main] org.apache.catalina.startup.VersionLoggerListener.log 服务器构建:        Aug 23 2023 21:59:38 UTC
24-Sep-2025 09:06:34.022 信息 [main] org.apache.catalina.startup.VersionLoggerListener.log 服务器版本号:      9.0.80.0
24-Sep-2025 09:06:34.022 信息 [main] org.apache.catalina.startup.VersionLoggerListener.log 操作系统名称:      Windows 11
24-Sep-2025 09:06:34.022 信息 [main] org.apache.catalina.startup.VersionLoggerListener.log OS.版本:           10.0
24-Sep-2025 09:06:34.022 信息 [main] org.apache.catalina.startup.VersionLoggerListener.log 架构:              amd64
24-Sep-2025 09:06:34.022 信息 [main] org.apache.catalina.startup.VersionLoggerListener.log Java 环境变量:     C:\Program Files\Java\jdk-21
24-Sep-2025 09:06:34.022 信息 [main] org.apache.catalina.startup.VersionLoggerListener.log Java虚拟机版本:    21.0.2+13-LTS-58
24-Sep-2025 09:06:34.022 信息 [main] org.apache.catalina.startup.VersionLoggerListener.log JVM.供应商:        Oracle Corporation
24-Sep-2025 09:06:34.022 信息 [main] org.apache.catalina.startup.VersionLoggerListener.log CATALINA_BASE:     G:\01_Master\04_Update\大四下学期\campusHelp\apache-tomcat-9.0.80
24-Sep-2025 09:06:34.022 信息 [main] org.apache.catalina.startup.VersionLoggerListener.log CATALINA_HOME:     G:\01_Master\04_Update\大四下学期\campusHelp\apache-tomcat-9.0.80
24-Sep-2025 09:06:34.036 信息 [main] org.apache.catalina.startup.VersionLoggerListener.log 命令行参数：       --add-opens=java.base/java.lang=ALL-UNNAMED
24-Sep-2025 09:06:34.036 信息 [main] org.apache.catalina.startup.VersionLoggerListener.log 命令行参数：       --add-opens=java.base/java.io=ALL-UNNAMED
24-Sep-2025 09:06:34.036 信息 [main] org.apache.catalina.startup.VersionLoggerListener.log 命令行参数：       --add-opens=java.base/java.util=ALL-UNNAMED
24-Sep-2025 09:06:34.036 信息 [main] org.apache.catalina.startup.VersionLoggerListener.log 命令行参数：       --add-opens=java.base/java.util.concurrent=ALL-UNNAMED
24-Sep-2025 09:06:34.036 信息 [main] org.apache.catalina.startup.VersionLoggerListener.log 命令行参数：       --add-opens=java.rmi/sun.rmi.transport=ALL-UNNAMED
24-Sep-2025 09:06:34.036 信息 [main] org.apache.catalina.startup.VersionLoggerListener.log 命令行参数：       -Djava.util.logging.config.file=G:\01_Master\04_Update\大四下学期\campusHelp\apache-tomcat-9.0.80\conf\logging.properties
24-Sep-2025 09:06:34.036 信息 [main] org.apache.catalina.startup.VersionLoggerListener.log 命令行参数：       -Djava.util.logging.manager=org.apache.juli.ClassLoaderLogManager
24-Sep-2025 09:06:34.040 信息 [main] org.apache.catalina.startup.VersionLoggerListener.log 命令行参数：       -Djdk.tls.ephemeralDHKeySize=2048
24-Sep-2025 09:06:34.040 信息 [main] org.apache.catalina.startup.VersionLoggerListener.log 命令行参数：       -Djava.protocol.handler.pkgs=org.apache.catalina.webresources
24-Sep-2025 09:06:34.040 信息 [main] org.apache.catalina.startup.VersionLoggerListener.log 命令行参数：       -Dignore.endorsed.dirs=
24-Sep-2025 09:06:34.040 信息 [main] org.apache.catalina.startup.VersionLoggerListener.log 命令行参数：       -Dcatalina.base=G:\01_Master\04_Update\大四下学期\campusHelp\apache-tomcat-9.0.80
24-Sep-2025 09:06:34.040 信息 [main] org.apache.catalina.startup.VersionLoggerListener.log 命令行参数：       -Dcatalina.home=G:\01_Master\04_Update\大四下学期\campusHelp\apache-tomcat-9.0.80
24-Sep-2025 09:06:34.043 信息 [main] org.apache.catalina.startup.VersionLoggerListener.log 命令行参数：       -Djava.io.tmpdir=F:\Java\tomcat8\tomcat8\temp
24-Sep-2025 09:06:34.043 信息 [main] org.apache.catalina.core.AprLifecycleListener.lifecycleEvent 使用APR版本[1.7.4]加载了基于APR的Apache Tomcat本机库[1.2.38]。
24-Sep-2025 09:06:34.043 信息 [main] org.apache.catalina.core.AprLifecycleListener.lifecycleEvent APR功能：IPv6[true]、sendfile[true]、accept filters[false]、random[true]、UDS [true]。
24-Sep-2025 09:06:34.043 信息 [main] org.apache.catalina.core.AprLifecycleListener.lifecycleEvent APR/OpenSSL配置：useAprConnector[false]，useOpenSSL[true]
24-Sep-2025 09:06:34.051 信息 [main] org.apache.catalina.core.AprLifecycleListener.initializeSSL OpenSSL成功初始化 [OpenSSL 1.1.1v  1 Aug 2023]
24-Sep-2025 09:06:34.370 信息 [main] org.apache.coyote.AbstractProtocol.init 初始化协议处理器 ["http-nio-8080"]
24-Sep-2025 09:06:34.397 信息 [main] org.apache.catalina.startup.Catalina.load 服务器在[626]毫秒内初始化
24-Sep-2025 09:06:34.473 信息 [main] org.apache.catalina.core.StandardService.startInternal 正在启动服务[Catalina]
24-Sep-2025 09:06:34.473 信息 [main] org.apache.catalina.core.StandardEngine.startInternal 正在启动 Servlet 引擎：[Apache Tomcat/9.0.80]
24-Sep-2025 09:06:34.487 信息 [main] org.apache.catalina.startup.HostConfig.deployDirectory 把web 应用程序部署到目录 [G:\01_Master\04_Update\大四下学期\campusHelp\apache-tomcat-9.0.80\webapps\campusHelp]
24-Sep-2025 09:06:37.848 信息 [main] org.apache.jasper.servlet.TldScanner.scanJars 至少有一个JAR被扫描用于TLD但尚未包含TLD。 为此记录器启用调试日志记录，以获取已扫描但未在其中找到TLD的完整JAR列表。 在扫描期间跳过不需要的JAR可以缩短启动时间和JSP编译时间。
24-Sep-2025 09:06:38.389 信息 [main] org.apache.catalina.startup.HostConfig.deployDirectory Web应用程序目录[G:\01_Master\04_Update\大四下学期\campusHelp\apache-tomcat-9.0.80\webapps\campusHelp]的部署已在[3,898]毫秒内完成
24-Sep-2025 09:06:38.391 信息 [main] org.apache.catalina.startup.HostConfig.deployDirectory 把web 应用程序部署到目录 [G:\01_Master\04_Update\大四下学期\campusHelp\apache-tomcat-9.0.80\webapps\docs]
24-Sep-2025 09:06:38.441 信息 [main] org.apache.catalina.startup.HostConfig.deployDirectory Web应用程序目录[G:\01_Master\04_Update\大四下学期\campusHelp\apache-tomcat-9.0.80\webapps\docs]的部署已在[50]毫秒内完成
24-Sep-2025 09:06:38.441 信息 [main] org.apache.catalina.startup.HostConfig.deployDirectory 把web 应用程序部署到目录 [G:\01_Master\04_Update\大四下学期\campusHelp\apache-tomcat-9.0.80\webapps\examples]
24-Sep-2025 09:06:39.065 信息 [main] org.apache.catalina.startup.HostConfig.deployDirectory Web应用程序目录[G:\01_Master\04_Update\大四下学期\campusHelp\apache-tomcat-9.0.80\webapps\examples]的部署已在[624]毫秒内完成
24-Sep-2025 09:06:39.065 信息 [main] org.apache.catalina.startup.HostConfig.deployDirectory 把web 应用程序部署到目录 [G:\01_Master\04_Update\大四下学期\campusHelp\apache-tomcat-9.0.80\webapps\host-manager]
24-Sep-2025 09:06:39.128 信息 [main] org.apache.catalina.startup.HostConfig.deployDirectory Web应用程序目录[G:\01_Master\04_Update\大四下学期\campusHelp\apache-tomcat-9.0.80\webapps\host-manager]的部署已在[62]毫秒内完成
24-Sep-2025 09:06:39.129 信息 [main] org.apache.catalina.startup.HostConfig.deployDirectory 把web 应用程序部署到目录 [G:\01_Master\04_Update\大四下学期\campusHelp\apache-tomcat-9.0.80\webapps\manager]
24-Sep-2025 09:06:39.202 信息 [main] org.apache.catalina.startup.HostConfig.deployDirectory Web应用程序目录[G:\01_Master\04_Update\大四下学期\campusHelp\apache-tomcat-9.0.80\webapps\manager]的部署已在[73]毫秒内完成
24-Sep-2025 09:06:39.202 信息 [main] org.apache.catalina.startup.HostConfig.deployDirectory 把web 应用程序部署到目录 [G:\01_Master\04_Update\大四下学期\campusHelp\apache-tomcat-9.0.80\webapps\ROOT]
24-Sep-2025 09:06:39.237 信息 [main] org.apache.catalina.startup.HostConfig.deployDirectory Web应用程序目录[G:\01_Master\04_Update\大四下学期\campusHelp\apache-tomcat-9.0.80\webapps\ROOT]的部署已在[35]毫秒内完成
24-Sep-2025 09:06:39.247 信息 [main] org.apache.coyote.AbstractProtocol.start 开始协议处理句柄["http-nio-8080"]
24-Sep-2025 09:06:39.280 信息 [main] org.apache.catalina.startup.Catalina.start [4877]毫秒后服务器启动
24-Sep-2025 09:07:50.484 信息 [main] org.apache.catalina.core.StandardServer.await 通过关闭端口接收到有效的关闭命令。正在停止服务器实例。
24-Sep-2025 09:07:50.484 信息 [main] org.apache.coyote.AbstractProtocol.pause 暂停ProtocolHandler["http-nio-8080"]
24-Sep-2025 09:07:50.490 信息 [main] org.apache.catalina.core.StandardService.stopInternal 正在停止服务[Catalina]
24-Sep-2025 09:07:50.531 警告 [main] org.apache.catalina.loader.WebappClassLoaderBase.clearReferencesJdbc Web应用程序 [campusHelp] 注册了JDBC驱动程序 [com.mysql.cj.jdbc.Driver]，但在Web应用程序停止时无法注销它。 为防止内存泄漏，JDBC驱动程序已被强制取消注册。
24-Sep-2025 09:07:50.532 警告 [main] org.apache.catalina.loader.WebappClassLoaderBase.clearReferencesThreads Web应用程序[campusHelp]似乎启动了一个名为[mysql-cj-abandoned-connection-cleanup]的线程，但未能停止它。这很可能会造成内存泄漏。线程的堆栈跟踪：[
 java.base/jdk.internal.misc.Unsafe.park(Native Method)
 java.base/java.util.concurrent.locks.LockSupport.parkNanos(LockSupport.java:269)
 java.base/java.util.concurrent.locks.AbstractQueuedSynchronizer$ConditionObject.await(AbstractQueuedSynchronizer.java:1847)
 java.base/java.lang.ref.ReferenceQueue.await(ReferenceQueue.java:71)
 java.base/java.lang.ref.ReferenceQueue.remove0(ReferenceQueue.java:143)
 java.base/java.lang.ref.ReferenceQueue.remove(ReferenceQueue.java:218)
 com.mysql.cj.jdbc.AbandonedConnectionCleanupThread.run(AbandonedConnectionCleanupThread.java:91)
 java.base/java.util.concurrent.ThreadPoolExecutor.runWorker(ThreadPoolExecutor.java:1144)
 java.base/java.util.concurrent.ThreadPoolExecutor$Worker.run(ThreadPoolExecutor.java:642)
 java.base/java.lang.Thread.run(Thread.java:1583)]
24-Sep-2025 09:07:50.545 信息 [main] org.apache.coyote.AbstractProtocol.stop 正在停止ProtocolHandler ["http-nio-8080"]
24-Sep-2025 09:07:50.553 信息 [main] org.apache.coyote.AbstractProtocol.destroy 正在摧毁协议处理器 ["http-nio-8080"]
24-Sep-2025 09:08:03.362 信息 [main] org.apache.catalina.startup.VersionLoggerListener.log Server.服务器版本: Apache Tomcat/9.0.80
24-Sep-2025 09:08:03.367 信息 [main] org.apache.catalina.startup.VersionLoggerListener.log 服务器构建:        Aug 23 2023 21:59:38 UTC
24-Sep-2025 09:08:03.368 信息 [main] org.apache.catalina.startup.VersionLoggerListener.log 服务器版本号:      9.0.80.0
24-Sep-2025 09:08:03.368 信息 [main] org.apache.catalina.startup.VersionLoggerListener.log 操作系统名称:      Windows 11
24-Sep-2025 09:08:03.368 信息 [main] org.apache.catalina.startup.VersionLoggerListener.log OS.版本:           10.0
24-Sep-2025 09:08:03.368 信息 [main] org.apache.catalina.startup.VersionLoggerListener.log 架构:              amd64
24-Sep-2025 09:08:03.369 信息 [main] org.apache.catalina.startup.VersionLoggerListener.log Java 环境变量:     C:\Program Files\Java\jdk-21
24-Sep-2025 09:08:03.369 信息 [main] org.apache.catalina.startup.VersionLoggerListener.log Java虚拟机版本:    21.0.2+13-LTS-58
24-Sep-2025 09:08:03.369 信息 [main] org.apache.catalina.startup.VersionLoggerListener.log JVM.供应商:        Oracle Corporation
24-Sep-2025 09:08:03.369 信息 [main] org.apache.catalina.startup.VersionLoggerListener.log CATALINA_BASE:     G:\01_Master\04_Update\大四下学期\campusHelp\apache-tomcat-9.0.80
24-Sep-2025 09:08:03.370 信息 [main] org.apache.catalina.startup.VersionLoggerListener.log CATALINA_HOME:     G:\01_Master\04_Update\大四下学期\campusHelp\apache-tomcat-9.0.80
24-Sep-2025 09:08:03.380 信息 [main] org.apache.catalina.startup.VersionLoggerListener.log 命令行参数：       --add-opens=java.base/java.lang=ALL-UNNAMED
24-Sep-2025 09:08:03.380 信息 [main] org.apache.catalina.startup.VersionLoggerListener.log 命令行参数：       --add-opens=java.base/java.io=ALL-UNNAMED
24-Sep-2025 09:08:03.380 信息 [main] org.apache.catalina.startup.VersionLoggerListener.log 命令行参数：       --add-opens=java.base/java.util=ALL-UNNAMED
24-Sep-2025 09:08:03.381 信息 [main] org.apache.catalina.startup.VersionLoggerListener.log 命令行参数：       --add-opens=java.base/java.util.concurrent=ALL-UNNAMED
24-Sep-2025 09:08:03.381 信息 [main] org.apache.catalina.startup.VersionLoggerListener.log 命令行参数：       --add-opens=java.rmi/sun.rmi.transport=ALL-UNNAMED
24-Sep-2025 09:08:03.381 信息 [main] org.apache.catalina.startup.VersionLoggerListener.log 命令行参数：       -Djava.util.logging.config.file=G:\01_Master\04_Update\大四下学期\campusHelp\apache-tomcat-9.0.80\conf\logging.properties
24-Sep-2025 09:08:03.381 信息 [main] org.apache.catalina.startup.VersionLoggerListener.log 命令行参数：       -Djava.util.logging.manager=org.apache.juli.ClassLoaderLogManager
24-Sep-2025 09:08:03.381 信息 [main] org.apache.catalina.startup.VersionLoggerListener.log 命令行参数：       -Djdk.tls.ephemeralDHKeySize=2048
24-Sep-2025 09:08:03.382 信息 [main] org.apache.catalina.startup.VersionLoggerListener.log 命令行参数：       -Djava.protocol.handler.pkgs=org.apache.catalina.webresources
24-Sep-2025 09:08:03.382 信息 [main] org.apache.catalina.startup.VersionLoggerListener.log 命令行参数：       -Dignore.endorsed.dirs=
24-Sep-2025 09:08:03.382 信息 [main] org.apache.catalina.startup.VersionLoggerListener.log 命令行参数：       -Dcatalina.base=G:\01_Master\04_Update\大四下学期\campusHelp\apache-tomcat-9.0.80
24-Sep-2025 09:08:03.383 信息 [main] org.apache.catalina.startup.VersionLoggerListener.log 命令行参数：       -Dcatalina.home=G:\01_Master\04_Update\大四下学期\campusHelp\apache-tomcat-9.0.80
24-Sep-2025 09:08:03.383 信息 [main] org.apache.catalina.startup.VersionLoggerListener.log 命令行参数：       -Djava.io.tmpdir=F:\Java\tomcat8\tomcat8\temp
24-Sep-2025 09:08:03.389 信息 [main] org.apache.catalina.core.AprLifecycleListener.lifecycleEvent 使用APR版本[1.7.4]加载了基于APR的Apache Tomcat本机库[1.2.38]。
24-Sep-2025 09:08:03.389 信息 [main] org.apache.catalina.core.AprLifecycleListener.lifecycleEvent APR功能：IPv6[true]、sendfile[true]、accept filters[false]、random[true]、UDS [true]。
24-Sep-2025 09:08:03.389 信息 [main] org.apache.catalina.core.AprLifecycleListener.lifecycleEvent APR/OpenSSL配置：useAprConnector[false]，useOpenSSL[true]
24-Sep-2025 09:08:03.395 信息 [main] org.apache.catalina.core.AprLifecycleListener.initializeSSL OpenSSL成功初始化 [OpenSSL 1.1.1v  1 Aug 2023]
24-Sep-2025 09:08:03.737 信息 [main] org.apache.coyote.AbstractProtocol.init 初始化协议处理器 ["http-nio-8080"]
24-Sep-2025 09:08:03.768 信息 [main] org.apache.catalina.startup.Catalina.load 服务器在[662]毫秒内初始化
24-Sep-2025 09:08:03.847 信息 [main] org.apache.catalina.core.StandardService.startInternal 正在启动服务[Catalina]
24-Sep-2025 09:08:03.847 信息 [main] org.apache.catalina.core.StandardEngine.startInternal 正在启动 Servlet 引擎：[Apache Tomcat/9.0.80]
24-Sep-2025 09:08:03.862 信息 [main] org.apache.catalina.startup.HostConfig.deployDirectory 把web 应用程序部署到目录 [G:\01_Master\04_Update\大四下学期\campusHelp\apache-tomcat-9.0.80\webapps\campusHelp]
24-Sep-2025 09:08:07.614 信息 [main] org.apache.jasper.servlet.TldScanner.scanJars 至少有一个JAR被扫描用于TLD但尚未包含TLD。 为此记录器启用调试日志记录，以获取已扫描但未在其中找到TLD的完整JAR列表。 在扫描期间跳过不需要的JAR可以缩短启动时间和JSP编译时间。
24-Sep-2025 09:08:08.306 信息 [main] org.apache.catalina.startup.HostConfig.deployDirectory Web应用程序目录[G:\01_Master\04_Update\大四下学期\campusHelp\apache-tomcat-9.0.80\webapps\campusHelp]的部署已在[4,441]毫秒内完成
24-Sep-2025 09:08:08.308 信息 [main] org.apache.catalina.startup.HostConfig.deployDirectory 把web 应用程序部署到目录 [G:\01_Master\04_Update\大四下学期\campusHelp\apache-tomcat-9.0.80\webapps\docs]
24-Sep-2025 09:08:08.373 信息 [main] org.apache.catalina.startup.HostConfig.deployDirectory Web应用程序目录[G:\01_Master\04_Update\大四下学期\campusHelp\apache-tomcat-9.0.80\webapps\docs]的部署已在[64]毫秒内完成
24-Sep-2025 09:08:08.373 信息 [main] org.apache.catalina.startup.HostConfig.deployDirectory 把web 应用程序部署到目录 [G:\01_Master\04_Update\大四下学期\campusHelp\apache-tomcat-9.0.80\webapps\examples]
24-Sep-2025 09:08:09.195 信息 [main] org.apache.catalina.startup.HostConfig.deployDirectory Web应用程序目录[G:\01_Master\04_Update\大四下学期\campusHelp\apache-tomcat-9.0.80\webapps\examples]的部署已在[822]毫秒内完成
24-Sep-2025 09:08:09.196 信息 [main] org.apache.catalina.startup.HostConfig.deployDirectory 把web 应用程序部署到目录 [G:\01_Master\04_Update\大四下学期\campusHelp\apache-tomcat-9.0.80\webapps\host-manager]
24-Sep-2025 09:08:09.265 信息 [main] org.apache.catalina.startup.HostConfig.deployDirectory Web应用程序目录[G:\01_Master\04_Update\大四下学期\campusHelp\apache-tomcat-9.0.80\webapps\host-manager]的部署已在[69]毫秒内完成
24-Sep-2025 09:08:09.266 信息 [main] org.apache.catalina.startup.HostConfig.deployDirectory 把web 应用程序部署到目录 [G:\01_Master\04_Update\大四下学期\campusHelp\apache-tomcat-9.0.80\webapps\manager]
24-Sep-2025 09:08:09.336 信息 [main] org.apache.catalina.startup.HostConfig.deployDirectory Web应用程序目录[G:\01_Master\04_Update\大四下学期\campusHelp\apache-tomcat-9.0.80\webapps\manager]的部署已在[70]毫秒内完成
24-Sep-2025 09:08:09.338 信息 [main] org.apache.catalina.startup.HostConfig.deployDirectory 把web 应用程序部署到目录 [G:\01_Master\04_Update\大四下学期\campusHelp\apache-tomcat-9.0.80\webapps\ROOT]
24-Sep-2025 09:08:09.378 信息 [main] org.apache.catalina.startup.HostConfig.deployDirectory Web应用程序目录[G:\01_Master\04_Update\大四下学期\campusHelp\apache-tomcat-9.0.80\webapps\ROOT]的部署已在[40]毫秒内完成
24-Sep-2025 09:08:09.382 信息 [main] org.apache.coyote.AbstractProtocol.start 开始协议处理句柄["http-nio-8080"]
24-Sep-2025 09:08:09.416 信息 [main] org.apache.catalina.startup.Catalina.start [5644]毫秒后服务器启动
